TN:
SF:src\config\constants.ts
FNF:0
FNH:0
DA:1,0
DA:6,0
DA:13,0
LF:3
LH:0
BRF:0
BRH:0
end_of_record
TN:
SF:src\config\database.ts
FN:20,(anonymous_1)
FN:29,(anonymous_2)
FN:51,(anonymous_3)
FN:59,checkDatabaseHealth
FNF:4
FNH:0
FNDA:0,(anonymous_1)
FNDA:0,(anonymous_2)
FNDA:0,(anonymous_3)
FNDA:0,checkDatabaseHealth
DA:1,2
DA:2,2
DA:4,2
DA:6,2
DA:20,2
DA:21,0
DA:25,2
DA:26,2
DA:27,2
DA:29,2
DA:30,0
DA:36,0
DA:41,0
DA:42,0
DA:51,0
DA:52,0
DA:53,0
DA:59,2
DA:60,0
DA:61,0
DA:62,0
DA:63,0
DA:64,0
DA:66,0
DA:67,0
DA:71,2
LF:26
LH:11
BRDA:9,0,0,0
BRDA:9,0,1,2
BRDA:9,1,0,2
BRDA:9,1,1,0
BRDA:41,2,0,0
BRDA:41,2,1,0
BRDA:52,3,0,0
BRDA:52,3,1,0
BRF:8
BRH:2
end_of_record
TN:
SF:src\config\logger.ts
FN:32,(anonymous_1)
FNF:1
FNH:0
FNDA:0,(anonymous_1)
DA:1,0
DA:3,0
DA:5,0
DA:31,0
DA:32,0
DA:33,0
DA:34,0
LF:7
LH:0
BRDA:3,0,0,0
BRDA:3,0,1,0
BRDA:31,1,0,0
BRDA:31,1,1,0
BRDA:33,2,0,0
BRDA:33,2,1,0
BRF:6
BRH:0
end_of_record
TN:
SF:src\config\swagger.ts
FNF:0
FNH:0
DA:1,0
DA:3,0
DA:31,0
DA:36,0
LF:4
LH:0
BRF:0
BRH:0
end_of_record
TN:
SF:src\controllers\adpController.ts
FN:11,getPlayerADPHandler
FN:51,getADPRankingsHandler
FN:95,recalculateADPHandler
FNF:3
FNH:0
FNDA:0,getPlayerADPHandler
FNDA:0,getADPRankingsHandler
FNDA:0,recalculateADPHandler
DA:2,0
DA:8,0
DA:9,0
DA:11,0
DA:12,0
DA:13,0
DA:14,0
DA:17,0
DA:22,0
DA:29,0
DA:34,0
DA:37,0
DA:38,0
DA:44,0
DA:51,0
DA:52,0
DA:53,0
DA:56,0
DA:60,0
DA:65,0
DA:73,0
DA:78,0
DA:81,0
DA:82,0
DA:88,0
DA:95,0
DA:96,0
DA:97,0
DA:99,0
DA:104,0
DA:106,0
DA:112,0
DA:113,0
LF:33
LH:0
BRDA:24,0,0,0
BRDA:24,0,1,0
BRDA:25,1,0,0
BRDA:25,1,1,0
BRDA:37,2,0,0
BRDA:37,2,1,0
BRDA:37,3,0,0
BRDA:37,3,1,0
BRDA:37,3,2,0
BRDA:66,4,0,0
BRDA:66,4,1,0
BRDA:67,5,0,0
BRDA:67,5,1,0
BRDA:68,6,0,0
BRDA:68,6,1,0
BRDA:81,7,0,0
BRDA:81,7,1,0
BRDA:81,8,0,0
BRDA:81,8,1,0
BRDA:81,8,2,0
BRDA:81,8,3,0
BRDA:100,9,0,0
BRDA:100,9,1,0
BRDA:104,10,0,0
BRDA:104,10,1,0
BRF:25
BRH:0
end_of_record
TN:
SF:src\controllers\auctionController.ts
FN:16,nominatePlayerHandler
FN:17,(anonymous_10)
FN:167,(anonymous_11)
FN:173,(anonymous_12)
FN:190,(anonymous_13)
FN:219,placeBidHandler
FN:220,(anonymous_15)
FN:294,(anonymous_16)
FN:468,(anonymous_17)
FN:473,(anonymous_18)
FN:505,processProxyBidTransaction
FN:519,(anonymous_20)
FN:523,(anonymous_21)
FN:524,(anonymous_22)
FN:544,(anonymous_23)
FN:610,processDirectBidTransaction
FN:623,(anonymous_25)
FN:663,getActiveNominationsHandler
FN:677,getNominationBidsHandler
FN:684,(anonymous_28)
FN:702,getRosterBudgetHandler
FN:721,clearNominationsHandler
FN:725,(anonymous_31)
FN:739,completeAuctionHandler
FN:777,(anonymous_33)
FN:778,(anonymous_34)
FN:800,(anonymous_35)
FN:803,(anonymous_36)
FN:845,getAuctionActivityHandler
FN:849,(anonymous_38)
FN:899,(anonymous_39)
FN:916,(anonymous_40)
FN:926,getAuctionRostersHandler
FN:930,(anonymous_42)
FN:936,(anonymous_43)
FN:943,(anonymous_44)
FN:958,(anonymous_45)
FN:960,(anonymous_46)
FN:998,getAvailablePlayersHandler
FN:1004,(anonymous_48)
FNF:40
FNH:0
FNDA:0,nominatePlayerHandler
FNDA:0,(anonymous_10)
FNDA:0,(anonymous_11)
FNDA:0,(anonymous_12)
FNDA:0,(anonymous_13)
FNDA:0,placeBidHandler
FNDA:0,(anonymous_15)
FNDA:0,(anonymous_16)
FNDA:0,(anonymous_17)
FNDA:0,(anonymous_18)
FNDA:0,processProxyBidTransaction
FNDA:0,(anonymous_20)
FNDA:0,(anonymous_21)
FNDA:0,(anonymous_22)
FNDA:0,(anonymous_23)
FNDA:0,processDirectBidTransaction
FNDA:0,(anonymous_25)
FNDA:0,getActiveNominationsHandler
FNDA:0,getNominationBidsHandler
FNDA:0,(anonymous_28)
FNDA:0,getRosterBudgetHandler
FNDA:0,clearNominationsHandler
FNDA:0,(anonymous_31)
FNDA:0,completeAuctionHandler
FNDA:0,(anonymous_33)
FNDA:0,(anonymous_34)
FNDA:0,(anonymous_35)
FNDA:0,(anonymous_36)
FNDA:0,getAuctionActivityHandler
FNDA:0,(anonymous_38)
FNDA:0,(anonymous_39)
FNDA:0,(anonymous_40)
FNDA:0,getAuctionRostersHandler
FNDA:0,(anonymous_42)
FNDA:0,(anonymous_43)
FNDA:0,(anonymous_44)
FNDA:0,(anonymous_45)
FNDA:0,(anonymous_46)
FNDA:0,getAvailablePlayersHandler
FNDA:0,(anonymous_48)
DA:2,0
DA:9,0
DA:10,0
DA:11,0
DA:12,0
DA:13,0
DA:16,0
DA:17,0
DA:18,0
DA:20,0
DA:21,0
DA:22,0
DA:24,0
DA:25,0
DA:27,0
DA:28,0
DA:29,0
DA:33,0
DA:38,0
DA:39,0
DA:40,0
DA:43,0
DA:45,0
DA:46,0
DA:47,0
DA:52,0
DA:53,0
DA:54,0
DA:58,0
DA:65,0
DA:66,0
DA:67,0
DA:68,0
DA:69,0
DA:70,0
DA:71,0
DA:72,0
DA:77,0
DA:78,0
DA:84,0
DA:86,0
DA:87,0
DA:88,0
DA:95,0
DA:100,0
DA:101,0
DA:102,0
DA:106,0
DA:107,0
DA:108,0
DA:109,0
DA:110,0
DA:111,0
DA:112,0
DA:116,0
DA:119,0
DA:127,0
DA:130,0
DA:138,0
DA:146,0
DA:149,0
DA:163,0
DA:166,0
DA:167,0
DA:168,0
DA:169,0
DA:172,0
DA:173,0
DA:174,0
DA:178,0
DA:179,0
DA:180,0
DA:181,0
DA:184,0
DA:190,0
DA:191,0
DA:195,0
DA:198,0
DA:200,0
DA:203,0
DA:204,0
DA:205,0
DA:211,0
DA:212,0
DA:214,0
DA:219,0
DA:220,0
DA:221,0
DA:223,0
DA:224,0
DA:225,0
DA:227,0
DA:228,0
DA:230,0
DA:231,0
DA:232,0
DA:236,0
DA:241,0
DA:242,0
DA:243,0
DA:246,0
DA:249,0
DA:250,0
DA:251,0
DA:255,0
DA:256,0
DA:257,0
DA:261,0
DA:262,0
DA:263,0
DA:267,0
DA:272,0
DA:273,0
DA:274,0
DA:277,0
DA:278,0
DA:279,0
DA:282,0
DA:293,0
DA:294,0
DA:295,0
DA:298,0
DA:300,0
DA:301,0
DA:302,0
DA:309,0
DA:314,0
DA:315,0
DA:316,0
DA:321,0
DA:336,0
DA:344,0
DA:347,0
DA:358,0
DA:361,0
DA:369,0
DA:372,0
DA:381,0
DA:383,0
DA:384,0
DA:385,0
DA:388,0
DA:389,0
DA:390,0
DA:393,0
DA:394,0
DA:396,0
DA:397,0
DA:398,0
DA:404,0
DA:405,0
DA:406,0
DA:413,0
DA:414,0
DA:423,0
DA:433,0
DA:434,0
DA:444,0
DA:445,0
DA:446,0
DA:448,0
DA:450,0
DA:451,0
DA:452,0
DA:453,0
DA:454,0
DA:463,0
DA:465,0
DA:468,0
DA:469,0
DA:472,0
DA:473,0
DA:474,0
DA:475,0
DA:479,0
DA:481,0
DA:484,0
DA:486,0
DA:489,0
DA:490,0
DA:491,0
DA:497,0
DA:498,0
DA:500,0
DA:519,0
DA:523,0
DA:524,0
DA:527,0
DA:540,0
DA:543,0
DA:544,0
DA:551,0
DA:553,0
DA:554,0
DA:557,0
DA:558,0
DA:560,0
DA:563,0
DA:564,0
DA:566,0
DA:570,0
DA:574,0
DA:581,0
DA:592,0
DA:601,0
DA:623,0
DA:626,0
DA:634,0
DA:637,0
DA:645,0
DA:654,0
DA:663,0
DA:664,0
DA:665,0
DA:667,0
DA:669,0
DA:671,0
DA:672,0
DA:677,0
DA:678,0
DA:679,0
DA:681,0
DA:684,0
DA:694,0
DA:696,0
DA:697,0
DA:702,0
DA:703,0
DA:704,0
DA:705,0
DA:707,0
DA:708,0
DA:711,0
DA:713,0
DA:715,0
DA:716,0
DA:721,0
DA:722,0
DA:723,0
DA:725,0
DA:726,0
DA:731,0
DA:733,0
DA:734,0
DA:739,0
DA:740,0
DA:741,0
DA:744,0
DA:745,0
DA:746,0
DA:749,0
DA:750,0
DA:755,0
DA:756,0
DA:759,0
DA:762,0
DA:765,0
DA:768,0
DA:769,0
DA:770,0
DA:772,0
DA:773,0
DA:776,0
DA:777,0
DA:778,0
DA:780,0
DA:781,0
DA:782,0
DA:786,0
DA:787,0
DA:788,0
DA:791,0
DA:799,0
DA:800,0
DA:803,0
DA:807,0
DA:808,0
DA:809,0
DA:810,0
DA:816,0
DA:818,0
DA:826,0
DA:827,0
DA:828,0
DA:830,0
DA:834,0
DA:839,0
DA:840,0
DA:845,0
DA:846,0
DA:847,0
DA:849,0
DA:852,0
DA:858,0
DA:861,0
DA:862,0
DA:863,0
DA:874,0
DA:875,0
DA:885,0
DA:886,0
DA:897,0
DA:898,0
DA:899,0
DA:900,0
DA:901,0
DA:902,0
DA:916,0
DA:918,0
DA:920,0
DA:921,0
DA:926,0
DA:927,0
DA:928,0
DA:930,0
DA:931,0
DA:932,0
DA:933,0
DA:936,0
DA:937,0
DA:938,0
DA:939,0
DA:943,0
DA:944,0
DA:955,0
DA:958,0
DA:959,0
DA:962,0
DA:975,0
DA:977,0
DA:990,0
DA:992,0
DA:993,0
DA:998,0
DA:999,0
DA:1000,0
DA:1001,0
DA:1004,0
DA:1006,0
DA:1018,0
DA:1019,0
DA:1022,0
DA:1023,0
DA:1024,0
DA:1025,0
DA:1028,0
DA:1029,0
DA:1030,0
DA:1031,0
DA:1034,0
DA:1035,0
DA:1036,0
DA:1037,0
DA:1038,0
DA:1042,0
DA:1044,0
DA:1046,0
DA:1048,0
DA:1049,0
LF:359
LH:0
BRDA:27,0,0,0
BRDA:27,0,1,0
BRDA:27,1,0,0
BRDA:27,1,1,0
BRDA:38,2,0,0
BRDA:38,2,1,0
BRDA:45,3,0,0
BRDA:45,3,1,0
BRDA:45,4,0,0
BRDA:45,4,1,0
BRDA:52,5,0,0
BRDA:52,5,1,0
BRDA:65,6,0,0
BRDA:65,6,1,0
BRDA:67,7,0,0
BRDA:67,7,1,0
BRDA:70,8,0,0
BRDA:70,8,1,0
BRDA:77,9,0,0
BRDA:77,9,1,0
BRDA:84,10,0,0
BRDA:84,10,1,0
BRDA:86,11,0,0
BRDA:86,11,1,0
BRDA:100,12,0,0
BRDA:100,12,1,0
BRDA:107,13,0,0
BRDA:107,13,1,0
BRDA:109,14,0,0
BRDA:109,14,1,0
BRDA:109,15,0,0
BRDA:109,15,1,0
BRDA:111,16,0,0
BRDA:111,16,1,0
BRDA:111,17,0,0
BRDA:111,17,1,0
BRDA:116,18,0,0
BRDA:116,18,1,0
BRDA:172,19,0,0
BRDA:172,19,1,0
BRDA:178,20,0,0
BRDA:178,20,1,0
BRDA:180,21,0,0
BRDA:180,21,1,0
BRDA:203,22,0,0
BRDA:203,22,1,0
BRDA:230,23,0,0
BRDA:230,23,1,0
BRDA:230,24,0,0
BRDA:230,24,1,0
BRDA:230,24,2,0
BRDA:241,25,0,0
BRDA:241,25,1,0
BRDA:249,26,0,0
BRDA:249,26,1,0
BRDA:255,27,0,0
BRDA:255,27,1,0
BRDA:261,28,0,0
BRDA:261,28,1,0
BRDA:261,29,0,0
BRDA:261,29,1,0
BRDA:272,30,0,0
BRDA:272,30,1,0
BRDA:278,31,0,0
BRDA:278,31,1,0
BRDA:279,32,0,0
BRDA:279,32,1,0
BRDA:295,33,0,0
BRDA:295,33,1,0
BRDA:298,34,0,0
BRDA:298,34,1,0
BRDA:300,35,0,0
BRDA:300,35,1,0
BRDA:314,36,0,0
BRDA:314,36,1,0
BRDA:383,37,0,0
BRDA:383,37,1,0
BRDA:389,38,0,0
BRDA:389,38,1,0
BRDA:389,39,0,0
BRDA:389,39,1,0
BRDA:396,40,0,0
BRDA:396,40,1,0
BRDA:404,41,0,0
BRDA:404,41,1,0
BRDA:413,42,0,0
BRDA:413,42,1,0
BRDA:444,43,0,0
BRDA:444,43,1,0
BRDA:445,44,0,0
BRDA:445,44,1,0
BRDA:450,45,0,0
BRDA:450,45,1,0
BRDA:489,46,0,0
BRDA:489,46,1,0
BRDA:523,47,0,0
BRDA:523,47,1,0
BRDA:551,48,0,0
BRDA:551,48,1,0
BRDA:563,49,0,0
BRDA:563,49,1,0
BRDA:707,50,0,0
BRDA:707,50,1,0
BRDA:745,51,0,0
BRDA:745,51,1,0
BRDA:749,52,0,0
BRDA:749,52,1,0
BRDA:749,53,0,0
BRDA:749,53,1,0
BRDA:755,54,0,0
BRDA:755,54,1,0
BRDA:769,55,0,0
BRDA:769,55,1,0
BRDA:772,56,0,0
BRDA:772,56,1,0
BRDA:773,57,0,0
BRDA:773,57,1,0
BRDA:786,58,0,0
BRDA:786,58,1,0
BRDA:865,59,0,0
BRDA:865,59,1,0
BRDA:874,60,0,0
BRDA:874,60,1,0
BRDA:874,61,0,0
BRDA:874,61,1,0
BRDA:874,61,2,0
BRDA:877,62,0,0
BRDA:877,62,1,0
BRDA:885,63,0,0
BRDA:885,63,1,0
BRDA:900,64,0,0
BRDA:900,64,1,0
BRDA:932,65,0,0
BRDA:932,65,1,0
BRDA:938,66,0,0
BRDA:938,66,1,0
BRDA:1022,67,0,0
BRDA:1022,67,1,0
BRDA:1022,68,0,0
BRDA:1022,68,1,0
BRDA:1028,69,0,0
BRDA:1028,69,1,0
BRDA:1034,70,0,0
BRDA:1034,70,1,0
BRF:144
BRH:0
end_of_record
TN:
SF:src\controllers\authController.ts
FN:24,register
FN:87,login
FN:151,requestPasswordReset
FN:198,resetPassword
FN:226,(anonymous_13)
FN:231,(anonymous_14)
FNF:6
FNH:2
FNDA:4,register
FNDA:4,login
FNDA:0,requestPasswordReset
FNDA:0,resetPassword
FNDA:0,(anonymous_13)
FNDA:0,(anonymous_14)
DA:2,1
DA:8,1
DA:9,1
DA:10,1
DA:15,1
DA:19,1
DA:24,1
DA:25,4
DA:26,4
DA:29,4
DA:31,3
DA:39,1
DA:45,1
DA:60,3
DA:66,3
DA:70,2
DA:74,2
DA:77,1
DA:87,1
DA:88,4
DA:89,4
DA:92,4
DA:94,3
DA:95,1
DA:99,1
DA:103,2
DA:105,2
DA:106,1
DA:110,1
DA:114,1
DA:120,1
DA:135,1
DA:139,1
DA:151,1
DA:155,0
DA:156,0
DA:159,0
DA:163,0
DA:164,0
DA:168,0
DA:172,0
DA:175,0
DA:177,0
DA:182,0
DA:186,0
DA:198,1
DA:202,0
DA:203,0
DA:206,0
DA:208,0
DA:209,0
DA:213,0
DA:217,0
DA:220,0
DA:223,0
DA:226,0
DA:227,0
DA:230,0
DA:231,0
DA:232,0
DA:235,0
DA:238,0
DA:243,0
DA:246,0
LF:64
LH:35
BRDA:66,0,0,2
BRDA:66,0,1,1
BRDA:67,1,0,3
BRDA:67,1,1,2
BRDA:94,2,0,1
BRDA:94,2,1,2
BRDA:105,3,0,1
BRDA:105,3,1,1
BRDA:163,4,0,0
BRDA:163,4,1,0
BRDA:208,5,0,0
BRDA:208,5,1,0
BRDA:230,6,0,0
BRDA:230,6,1,0
BRF:14
BRH:8
end_of_record
TN:
SF:src\controllers\chatController.ts
FN:13,sendChatMessageHandler
FN:64,getChatMessagesHandler
FNF:2
FNH:0
FNDA:0,sendChatMessageHandler
FNDA:0,getChatMessagesHandler
DA:2,0
DA:7,0
DA:13,0
DA:17,0
DA:18,0
DA:19,0
DA:21,0
DA:22,0
DA:26,0
DA:30,0
DA:31,0
DA:32,0
DA:36,0
DA:39,0
DA:47,0
DA:52,0
DA:53,0
DA:64,0
DA:68,0
DA:69,0
DA:70,0
DA:74,0
DA:76,0
DA:82,0
DA:88,0
DA:93,0
DA:94,0
LF:27
LH:0
BRDA:19,0,0,0
BRDA:19,1,0,0
BRDA:21,2,0,0
BRDA:21,2,1,0
BRDA:21,3,0,0
BRDA:21,3,1,0
BRDA:31,4,0,0
BRDA:31,4,1,0
BRDA:55,5,0,0
BRDA:55,5,1,0
BRDA:70,6,0,0
BRDA:74,7,0,0
BRDA:74,7,1,0
BRDA:96,8,0,0
BRDA:96,8,1,0
BRF:15
BRH:0
end_of_record
TN:
SF:src\controllers\draftController.ts
FN:47,calculateCurrentRoster
FN:91,createDraftHandler
FN:194,getDraftHandler
FN:240,updateDraftSettingsHandler
FN:358,getDraftByLeagueHandler
FN:411,setDraftOrderHandler
FN:481,(anonymous_16)
FN:488,(anonymous_17)
FN:514,(anonymous_18)
FN:515,(anonymous_19)
FN:537,(anonymous_20)
FN:537,(anonymous_21)
FN:582,getDraftOrderHandler
FN:608,startDraftHandler
FN:660,(anonymous_24)
FN:664,(anonymous_25)
FN:666,(anonymous_26)
FN:696,(anonymous_27)
FN:823,makeDraftPickHandler
FN:827,(anonymous_29)
FN:1050,(anonymous_30)
FN:1081,(anonymous_31)
FN:1082,(anonymous_32)
FN:1098,(anonymous_33)
FN:1099,(anonymous_34)
FN:1132,(anonymous_35)
FN:1180,(anonymous_36)
FN:1183,(anonymous_37)
FN:1246,getDraftPicksHandler
FN:1278,getAvailablePlayersHandler
FN:1309,pauseDraftHandler
FN:1401,(anonymous_41)
FN:1432,resumeDraftHandler
FN:1552,(anonymous_43)
FN:1585,assignRostersHandler
FN:1594,(anonymous_45)
FN:1616,resetDraftHandler
FN:1687,getDraftHealthHandler
FNF:38
FNH:0
FNDA:0,calculateCurrentRoster
FNDA:0,createDraftHandler
FNDA:0,getDraftHandler
FNDA:0,updateDraftSettingsHandler
FNDA:0,getDraftByLeagueHandler
FNDA:0,setDraftOrderHandler
FNDA:0,(anonymous_16)
FNDA:0,(anonymous_17)
FNDA:0,(anonymous_18)
FNDA:0,(anonymous_19)
FNDA:0,(anonymous_20)
FNDA:0,(anonymous_21)
FNDA:0,getDraftOrderHandler
FNDA:0,startDraftHandler
FNDA:0,(anonymous_24)
FNDA:0,(anonymous_25)
FNDA:0,(anonymous_26)
FNDA:0,(anonymous_27)
FNDA:0,makeDraftPickHandler
FNDA:0,(anonymous_29)
FNDA:0,(anonymous_30)
FNDA:0,(anonymous_31)
FNDA:0,(anonymous_32)
FNDA:0,(anonymous_33)
FNDA:0,(anonymous_34)
FNDA:0,(anonymous_35)
FNDA:0,(anonymous_36)
FNDA:0,(anonymous_37)
FNDA:0,getDraftPicksHandler
FNDA:0,getAvailablePlayersHandler
FNDA:0,pauseDraftHandler
FNDA:0,(anonymous_41)
FNDA:0,resumeDraftHandler
FNDA:0,(anonymous_43)
FNDA:0,assignRostersHandler
FNDA:0,(anonymous_45)
FNDA:0,resetDraftHandler
FNDA:0,getDraftHealthHandler
DA:2,0
DA:10,0
DA:11,0
DA:18,0
DA:25,0
DA:29,0
DA:30,0
DA:31,0
DA:32,0
DA:36,0
DA:37,0
DA:38,0
DA:39,0
DA:40,0
DA:41,0
DA:47,0
DA:54,0
DA:55,0
DA:57,0
DA:58,0
DA:62,0
DA:64,0
DA:69,0
DA:71,0
DA:72,0
DA:75,0
DA:78,0
DA:81,0
DA:84,0
DA:91,0
DA:95,0
DA:105,0
DA:108,0
DA:109,0
DA:113,0
DA:117,0
DA:118,0
DA:122,0
DA:126,0
DA:127,0
DA:131,0
DA:135,0
DA:136,0
DA:137,0
DA:141,0
DA:146,0
DA:147,0
DA:148,0
DA:152,0
DA:156,0
DA:157,0
DA:158,0
DA:162,0
DA:166,0
DA:177,0
DA:182,0
DA:183,0
DA:194,0
DA:198,0
DA:199,0
DA:203,0
DA:204,0
DA:206,0
DA:210,0
DA:213,0
DA:215,0
DA:216,0
DA:220,0
DA:223,0
DA:228,0
DA:229,0
DA:240,0
DA:244,0
DA:245,0
DA:246,0
DA:250,0
DA:251,0
DA:253,0
DA:257,0
DA:260,0
DA:261,0
DA:262,0
DA:266,0
DA:271,0
DA:272,0
DA:273,0
DA:277,0
DA:281,0
DA:282,0
DA:286,0
DA:290,0
DA:291,0
DA:293,0
DA:294,0
DA:298,0
DA:302,0
DA:303,0
DA:304,0
DA:308,0
DA:311,0
DA:312,0
DA:313,0
DA:317,0
DA:320,0
DA:321,0
DA:322,0
DA:326,0
DA:330,0
DA:331,0
DA:332,0
DA:333,0
DA:334,0
DA:335,0
DA:336,0
DA:337,0
DA:339,0
DA:341,0
DA:346,0
DA:347,0
DA:358,0
DA:362,0
DA:363,0
DA:364,0
DA:368,0
DA:369,0
DA:371,0
DA:375,0
DA:378,0
DA:384,0
DA:386,0
DA:387,0
DA:391,0
DA:394,0
DA:399,0
DA:400,0
DA:411,0
DA:415,0
DA:416,0
DA:417,0
DA:421,0
DA:422,0
DA:424,0
DA:428,0
DA:431,0
DA:432,0
DA:433,0
DA:437,0
DA:441,0
DA:442,0
DA:443,0
DA:447,0
DA:450,0
DA:451,0
DA:452,0
DA:456,0
DA:460,0
DA:461,0
DA:462,0
DA:466,0
DA:470,0
DA:471,0
DA:475,0
DA:478,0
DA:480,0
DA:481,0
DA:483,0
DA:484,0
DA:486,0
DA:489,0
DA:492,0
DA:497,0
DA:501,0
DA:502,0
DA:505,0
DA:506,0
DA:510,0
DA:514,0
DA:515,0
DA:516,0
DA:517,0
DA:518,0
DA:522,0
DA:527,0
DA:528,0
DA:529,0
DA:533,0
DA:537,0
DA:538,0
DA:539,0
DA:540,0
DA:544,0
DA:549,0
DA:551,0
DA:555,0
DA:559,0
DA:562,0
DA:565,0
DA:570,0
DA:571,0
DA:582,0
DA:586,0
DA:587,0
DA:589,0
DA:591,0
DA:596,0
DA:597,0
DA:608,0
DA:612,0
DA:613,0
DA:615,0
DA:616,0
DA:619,0
DA:621,0
DA:624,0
DA:629,0
DA:630,0
DA:631,0
DA:635,0
DA:638,0
DA:641,0
DA:642,0
DA:643,0
DA:647,0
DA:650,0
DA:653,0
DA:655,0
DA:656,0
DA:658,0
DA:660,0
DA:661,0
DA:664,0
DA:665,0
DA:666,0
DA:667,0
DA:671,0
DA:681,0
DA:684,0
DA:687,0
DA:688,0
DA:692,0
DA:695,0
DA:696,0
DA:697,0
DA:700,0
DA:704,0
DA:708,0
DA:709,0
DA:710,0
DA:711,0
DA:715,0
DA:719,0
DA:721,0
DA:728,0
DA:734,0
DA:735,0
DA:738,0
DA:746,0
DA:759,0
DA:762,0
DA:765,0
DA:766,0
DA:770,0
DA:773,0
DA:776,0
DA:783,0
DA:786,0
DA:789,0
DA:791,0
DA:796,0
DA:799,0
DA:800,0
DA:801,0
DA:806,0
DA:809,0
DA:810,0
DA:815,0
DA:823,0
DA:827,0
DA:828,0
DA:829,0
DA:831,0
DA:832,0
DA:834,0
DA:835,0
DA:837,0
DA:838,0
DA:839,0
DA:843,0
DA:847,0
DA:852,0
DA:853,0
DA:854,0
DA:858,0
DA:861,0
DA:864,0
DA:865,0
DA:866,0
DA:870,0
DA:874,0
DA:875,0
DA:876,0
DA:880,0
DA:884,0
DA:885,0
DA:886,0
DA:887,0
DA:888,0
DA:892,0
DA:895,0
DA:896,0
DA:897,0
DA:898,0
DA:902,0
DA:905,0
DA:906,0
DA:907,0
DA:911,0
DA:916,0
DA:921,0
DA:922,0
DA:923,0
DA:927,0
DA:931,0
DA:944,0
DA:945,0
DA:946,0
DA:948,0
DA:958,0
DA:959,0
DA:980,0
DA:981,0
DA:982,0
DA:986,0
DA:989,0
DA:992,0
DA:995,0
DA:996,0
DA:998,0
DA:1007,0
DA:1008,0
DA:1009,0
DA:1011,0
DA:1014,0
DA:1020,0
DA:1021,0
DA:1023,0
DA:1027,0
DA:1029,0
DA:1032,0
DA:1042,0
DA:1045,0
DA:1048,0
DA:1050,0
DA:1051,0
DA:1053,0
DA:1054,0
DA:1058,0
DA:1066,0
DA:1067,0
DA:1070,0
DA:1071,0
DA:1072,0
DA:1073,0
DA:1074,0
DA:1076,0
DA:1077,0
DA:1080,0
DA:1081,0
DA:1082,0
DA:1084,0
DA:1085,0
DA:1086,0
DA:1087,0
DA:1088,0
DA:1089,0
DA:1092,0
DA:1097,0
DA:1098,0
DA:1099,0
DA:1101,0
DA:1102,0
DA:1103,0
DA:1104,0
DA:1105,0
DA:1107,0
DA:1112,0
DA:1113,0
DA:1114,0
DA:1116,0
DA:1121,0
DA:1124,0
DA:1127,0
DA:1128,0
DA:1131,0
DA:1132,0
DA:1133,0
DA:1137,0
DA:1144,0
DA:1149,0
DA:1150,0
DA:1155,0
DA:1162,0
DA:1173,0
DA:1176,0
DA:1180,0
DA:1181,0
DA:1182,0
DA:1183,0
DA:1184,0
DA:1186,0
DA:1192,0
DA:1197,0
DA:1200,0
DA:1208,0
DA:1211,0
DA:1212,0
DA:1220,0
DA:1223,0
DA:1231,0
DA:1232,0
DA:1233,0
DA:1238,0
DA:1246,0
DA:1250,0
DA:1251,0
DA:1252,0
DA:1255,0
DA:1256,0
DA:1258,0
DA:1261,0
DA:1266,0
DA:1267,0
DA:1278,0
DA:1282,0
DA:1283,0
DA:1284,0
DA:1286,0
DA:1292,0
DA:1297,0
DA:1298,0
DA:1309,0
DA:1313,0
DA:1314,0
DA:1316,0
DA:1317,0
DA:1319,0
DA:1322,0
DA:1327,0
DA:1328,0
DA:1329,0
DA:1333,0
DA:1336,0
DA:1339,0
DA:1340,0
DA:1341,0
DA:1342,0
DA:1346,0
DA:1349,0
DA:1350,0
DA:1351,0
DA:1352,0
DA:1356,0
DA:1359,0
DA:1360,0
DA:1361,0
DA:1362,0
DA:1366,0
DA:1369,0
DA:1370,0
DA:1371,0
DA:1375,0
DA:1379,0
DA:1388,0
DA:1391,0
DA:1394,0
DA:1397,0
DA:1400,0
DA:1401,0
DA:1402,0
DA:1406,0
DA:1408,0
DA:1412,0
DA:1417,0
DA:1418,0
DA:1419,0
DA:1424,0
DA:1432,0
DA:1436,0
DA:1437,0
DA:1439,0
DA:1440,0
DA:1442,0
DA:1445,0
DA:1450,0
DA:1451,0
DA:1452,0
DA:1456,0
DA:1459,0
DA:1462,0
DA:1463,0
DA:1464,0
DA:1465,0
DA:1469,0
DA:1472,0
DA:1473,0
DA:1474,0
DA:1475,0
DA:1479,0
DA:1482,0
DA:1483,0
DA:1484,0
DA:1485,0
DA:1489,0
DA:1492,0
DA:1493,0
DA:1494,0
DA:1498,0
DA:1505,0
DA:1511,0
DA:1512,0
DA:1513,0
DA:1514,0
DA:1516,0
DA:1518,0
DA:1522,0
DA:1530,0
DA:1539,0
DA:1542,0
DA:1545,0
DA:1548,0
DA:1551,0
DA:1552,0
DA:1553,0
DA:1557,0
DA:1559,0
DA:1565,0
DA:1570,0
DA:1571,0
DA:1572,0
DA:1577,0
DA:1585,0
DA:1589,0
DA:1590,0
DA:1592,0
DA:1594,0
DA:1595,0
DA:1597,0
DA:1599,0
DA:1604,0
DA:1605,0
DA:1616,0
DA:1620,0
DA:1621,0
DA:1623,0
DA:1624,0
DA:1625,0
DA:1629,0
DA:1633,0
DA:1634,0
DA:1635,0
DA:1639,0
DA:1642,0
DA:1643,0
DA:1644,0
DA:1648,0
DA:1652,0
DA:1653,0
DA:1654,0
DA:1658,0
DA:1662,0
DA:1665,0
DA:1668,0
DA:1670,0
DA:1675,0
DA:1676,0
DA:1687,0
DA:1688,0
DA:1689,0
DA:1691,0
DA:1692,0
DA:1693,0
DA:1697,0
DA:1700,0
DA:1701,0
DA:1702,0
DA:1704,0
DA:1705,0
DA:1710,0
DA:1719,0
DA:1720,0
DA:1724,0
DA:1725,0
DA:1737,0
DA:1738,0
DA:1742,0
DA:1752,0
DA:1753,0
LF:597
LH:0
BRDA:54,0,0,0
BRDA:54,0,1,0
BRDA:54,1,0,0
BRDA:54,1,1,0
BRDA:62,2,0,0
BRDA:62,2,1,0
BRDA:69,3,0,0
BRDA:69,3,1,0
BRDA:69,4,0,0
BRDA:69,4,1,0
BRDA:72,5,0,0
BRDA:72,5,1,0
BRDA:72,6,0,0
BRDA:72,6,1,0
BRDA:81,7,0,0
BRDA:81,7,1,0
BRDA:98,8,0,0
BRDA:99,9,0,0
BRDA:100,10,0,0
BRDA:101,11,0,0
BRDA:102,12,0,0
BRDA:104,13,0,0
BRDA:108,14,0,0
BRDA:108,14,1,0
BRDA:117,15,0,0
BRDA:117,15,1,0
BRDA:126,16,0,0
BRDA:126,16,1,0
BRDA:135,17,0,0
BRDA:135,17,1,0
BRDA:136,18,0,0
BRDA:136,18,1,0
BRDA:136,19,0,0
BRDA:136,19,1,0
BRDA:147,20,0,0
BRDA:147,20,1,0
BRDA:157,21,0,0
BRDA:157,21,1,0
BRDA:185,22,0,0
BRDA:185,22,1,0
BRDA:215,23,0,0
BRDA:215,23,1,0
BRDA:231,24,0,0
BRDA:231,24,1,0
BRDA:261,25,0,0
BRDA:261,25,1,0
BRDA:271,26,0,0
BRDA:271,26,1,0
BRDA:271,26,2,0
BRDA:271,26,3,0
BRDA:271,26,4,0
BRDA:271,26,5,0
BRDA:272,27,0,0
BRDA:272,27,1,0
BRDA:272,28,0,0
BRDA:272,28,1,0
BRDA:281,29,0,0
BRDA:281,29,1,0
BRDA:281,30,0,0
BRDA:281,30,1,0
BRDA:290,31,0,0
BRDA:290,31,1,0
BRDA:291,32,0,0
BRDA:291,32,1,0
BRDA:293,33,0,0
BRDA:293,33,1,0
BRDA:293,34,0,0
BRDA:293,34,1,0
BRDA:293,34,2,0
BRDA:303,35,0,0
BRDA:303,35,1,0
BRDA:312,36,0,0
BRDA:312,36,1,0
BRDA:321,37,0,0
BRDA:321,37,1,0
BRDA:321,38,0,0
BRDA:321,38,1,0
BRDA:331,39,0,0
BRDA:331,39,1,0
BRDA:332,40,0,0
BRDA:332,40,1,0
BRDA:333,41,0,0
BRDA:333,41,1,0
BRDA:334,42,0,0
BRDA:334,42,1,0
BRDA:335,43,0,0
BRDA:335,43,1,0
BRDA:336,44,0,0
BRDA:336,44,1,0
BRDA:337,45,0,0
BRDA:337,45,1,0
BRDA:349,46,0,0
BRDA:349,46,1,0
BRDA:386,47,0,0
BRDA:386,47,1,0
BRDA:402,48,0,0
BRDA:402,48,1,0
BRDA:432,49,0,0
BRDA:432,49,1,0
BRDA:442,50,0,0
BRDA:442,50,1,0
BRDA:451,51,0,0
BRDA:451,51,1,0
BRDA:461,52,0,0
BRDA:461,52,1,0
BRDA:461,53,0,0
BRDA:461,53,1,0
BRDA:470,54,0,0
BRDA:470,54,1,0
BRDA:478,55,0,0
BRDA:478,55,1,0
BRDA:484,56,0,0
BRDA:484,56,1,0
BRDA:484,57,0,0
BRDA:484,57,1,0
BRDA:486,58,0,0
BRDA:486,58,1,0
BRDA:489,59,0,0
BRDA:489,59,1,0
BRDA:489,59,2,0
BRDA:489,59,3,0
BRDA:505,60,0,0
BRDA:505,60,1,0
BRDA:517,61,0,0
BRDA:517,61,1,0
BRDA:528,62,0,0
BRDA:528,62,1,0
BRDA:539,63,0,0
BRDA:539,63,1,0
BRDA:573,64,0,0
BRDA:573,64,1,0
BRDA:599,65,0,0
BRDA:599,65,1,0
BRDA:629,66,0,0
BRDA:629,66,1,0
BRDA:641,67,0,0
BRDA:641,67,1,0
BRDA:653,68,0,0
BRDA:653,68,1,0
BRDA:653,69,0,0
BRDA:653,69,1,0
BRDA:658,70,0,0
BRDA:658,70,1,0
BRDA:667,71,0,0
BRDA:667,71,1,0
BRDA:687,72,0,0
BRDA:687,72,1,0
BRDA:695,73,0,0
BRDA:695,73,1,0
BRDA:695,74,0,0
BRDA:695,74,1,0
BRDA:709,75,0,0
BRDA:709,75,1,0
BRDA:719,76,0,0
BRDA:719,76,1,0
BRDA:765,77,0,0
BRDA:765,77,1,0
BRDA:799,78,0,0
BRDA:799,78,1,0
BRDA:812,79,0,0
BRDA:812,79,1,0
BRDA:835,80,0,0
BRDA:837,81,0,0
BRDA:837,81,1,0
BRDA:837,82,0,0
BRDA:837,82,1,0
BRDA:852,83,0,0
BRDA:852,83,1,0
BRDA:864,84,0,0
BRDA:864,84,1,0
BRDA:874,85,0,0
BRDA:874,85,1,0
BRDA:884,86,0,0
BRDA:884,86,1,0
BRDA:886,87,0,0
BRDA:886,87,1,0
BRDA:896,88,0,0
BRDA:896,88,1,0
BRDA:905,89,0,0
BRDA:905,89,1,0
BRDA:921,90,0,0
BRDA:921,90,1,0
BRDA:931,91,0,0
BRDA:931,91,1,0
BRDA:946,92,0,0
BRDA:946,92,1,0
BRDA:980,93,0,0
BRDA:980,93,1,0
BRDA:980,94,0,0
BRDA:980,94,1,0
BRDA:995,95,0,0
BRDA:995,95,1,0
BRDA:995,96,0,0
BRDA:995,96,1,0
BRDA:1007,97,0,0
BRDA:1007,97,1,0
BRDA:1027,98,0,0
BRDA:1027,98,1,0
BRDA:1071,99,0,0
BRDA:1071,99,1,0
BRDA:1072,100,0,0
BRDA:1072,100,1,0
BRDA:1074,101,0,0
BRDA:1074,101,1,0
BRDA:1076,102,0,0
BRDA:1076,102,1,0
BRDA:1077,103,0,0
BRDA:1077,103,1,0
BRDA:1087,104,0,0
BRDA:1087,104,1,0
BRDA:1131,105,0,0
BRDA:1131,105,1,0
BRDA:1184,106,0,0
BRDA:1184,106,1,0
BRDA:1211,107,0,0
BRDA:1211,107,1,0
BRDA:1211,108,0,0
BRDA:1211,108,1,0
BRDA:1235,109,0,0
BRDA:1235,109,1,0
BRDA:1255,110,0,0
BRDA:1255,110,1,0
BRDA:1269,111,0,0
BRDA:1269,111,1,0
BRDA:1300,112,0,0
BRDA:1300,112,1,0
BRDA:1327,113,0,0
BRDA:1327,113,1,0
BRDA:1340,114,0,0
BRDA:1340,114,1,0
BRDA:1350,115,0,0
BRDA:1350,115,1,0
BRDA:1360,116,0,0
BRDA:1360,116,1,0
BRDA:1360,117,0,0
BRDA:1360,117,1,0
BRDA:1369,118,0,0
BRDA:1369,118,1,0
BRDA:1400,119,0,0
BRDA:1400,119,1,0
BRDA:1400,120,0,0
BRDA:1400,120,1,0
BRDA:1421,121,0,0
BRDA:1421,121,1,0
BRDA:1450,122,0,0
BRDA:1450,122,1,0
BRDA:1463,123,0,0
BRDA:1463,123,1,0
BRDA:1473,124,0,0
BRDA:1473,124,1,0
BRDA:1483,125,0,0
BRDA:1483,125,1,0
BRDA:1483,126,0,0
BRDA:1483,126,1,0
BRDA:1492,127,0,0
BRDA:1492,127,1,0
BRDA:1511,128,0,0
BRDA:1511,128,1,0
BRDA:1511,129,0,0
BRDA:1511,129,1,0
BRDA:1551,130,0,0
BRDA:1551,130,1,0
BRDA:1551,131,0,0
BRDA:1551,131,1,0
BRDA:1551,131,2,0
BRDA:1574,132,0,0
BRDA:1574,132,1,0
BRDA:1607,133,0,0
BRDA:1607,133,1,0
BRDA:1624,134,0,0
BRDA:1624,134,1,0
BRDA:1634,135,0,0
BRDA:1634,135,1,0
BRDA:1643,136,0,0
BRDA:1643,136,1,0
BRDA:1653,137,0,0
BRDA:1653,137,1,0
BRDA:1653,138,0,0
BRDA:1653,138,1,0
BRDA:1678,139,0,0
BRDA:1678,139,1,0
BRDA:1692,140,0,0
BRDA:1692,140,1,0
BRDA:1700,141,0,0
BRDA:1700,141,1,0
BRDA:1704,142,0,0
BRDA:1704,142,1,0
BRDA:1719,143,0,0
BRDA:1719,143,1,0
BRDA:1724,144,0,0
BRDA:1724,144,1,0
BRDA:1724,145,0,0
BRDA:1724,145,1,0
BRDA:1737,146,0,0
BRDA:1737,146,1,0
BRDA:1746,147,0,0
BRDA:1746,147,1,0
BRF:297
BRH:0
end_of_record
TN:
SF:src\controllers\injuryController.ts
FN:7,getAllInjuriesHandler
FN:24,getLeagueInjuryReportHandler
FN:55,syncInjuriesHandler
FNF:3
FNH:0
FNDA:0,getAllInjuriesHandler
FNDA:0,getLeagueInjuryReportHandler
FNDA:0,syncInjuriesHandler
DA:2,0
DA:3,0
DA:4,0
DA:5,0
DA:7,0
DA:8,0
DA:9,0
DA:11,0
DA:16,0
DA:17,0
DA:24,0
DA:25,0
DA:26,0
DA:29,0
DA:31,0
DA:33,0
DA:38,0
DA:41,0
DA:42,0
DA:48,0
DA:55,0
DA:56,0
DA:58,0
DA:60,0
DA:66,0
DA:67,0
LF:26
LH:0
BRDA:41,0,0,0
BRDA:41,0,1,0
BRDA:41,1,0,0
BRDA:41,1,1,0
BRDA:41,1,2,0
BRF:5
BRH:0
end_of_record
TN:
SF:src\controllers\inviteController.ts
FN:21,sendInvite
FN:111,getUserInvites
FN:145,acceptInvite
FN:236,declineInvite
FNF:4
FNH:0
FNDA:0,sendInvite
FNDA:0,getUserInvites
FNDA:0,acceptInvite
FNDA:0,declineInvite
DA:2,0
DA:9,0
DA:10,0
DA:15,0
DA:21,0
DA:22,0
DA:23,0
DA:25,0
DA:26,0
DA:30,0
DA:34,0
DA:35,0
DA:36,0
DA:40,0
DA:44,0
DA:45,0
DA:46,0
DA:50,0
DA:54,0
DA:55,0
DA:56,0
DA:60,0
DA:64,0
DA:68,0
DA:69,0
DA:73,0
DA:77,0
DA:78,0
DA:79,0
DA:83,0
DA:87,0
DA:93,0
DA:99,0
DA:100,0
DA:111,0
DA:115,0
DA:116,0
DA:118,0
DA:119,0
DA:123,0
DA:126,0
DA:128,0
DA:133,0
DA:134,0
DA:145,0
DA:146,0
DA:147,0
DA:149,0
DA:150,0
DA:154,0
DA:158,0
DA:159,0
DA:160,0
DA:164,0
DA:168,0
DA:169,0
DA:170,0
DA:174,0
DA:178,0
DA:179,0
DA:183,0
DA:187,0
DA:188,0
DA:192,0
DA:196,0
DA:197,0
DA:198,0
DA:202,0
DA:206,0
DA:209,0
DA:216,0
DA:218,0
DA:224,0
DA:225,0
DA:236,0
DA:240,0
DA:241,0
DA:243,0
DA:244,0
DA:248,0
DA:252,0
DA:253,0
DA:254,0
DA:258,0
DA:262,0
DA:263,0
DA:264,0
DA:268,0
DA:272,0
DA:273,0
DA:277,0
DA:281,0
DA:282,0
DA:286,0
DA:290,0
DA:292,0
DA:297,0
DA:298,0
LF:98
LH:0
BRDA:25,0,0,0
BRDA:25,0,1,0
BRDA:25,1,0,0
BRDA:25,1,1,0
BRDA:35,2,0,0
BRDA:35,2,1,0
BRDA:45,3,0,0
BRDA:45,3,1,0
BRDA:55,4,0,0
BRDA:55,4,1,0
BRDA:68,5,0,0
BRDA:68,5,1,0
BRDA:78,6,0,0
BRDA:78,6,1,0
BRDA:102,7,0,0
BRDA:102,7,1,0
BRDA:118,8,0,0
BRDA:118,8,1,0
BRDA:149,9,0,0
BRDA:149,9,1,0
BRDA:159,10,0,0
BRDA:159,10,1,0
BRDA:169,11,0,0
BRDA:169,11,1,0
BRDA:178,12,0,0
BRDA:178,12,1,0
BRDA:187,13,0,0
BRDA:187,13,1,0
BRDA:197,14,0,0
BRDA:197,14,1,0
BRDA:227,15,0,0
BRDA:227,15,1,0
BRDA:243,16,0,0
BRDA:243,16,1,0
BRDA:253,17,0,0
BRDA:253,17,1,0
BRDA:263,18,0,0
BRDA:263,18,1,0
BRDA:272,19,0,0
BRDA:272,19,1,0
BRDA:281,20,0,0
BRDA:281,20,1,0
BRDA:300,21,0,0
BRDA:300,21,1,0
BRF:44
BRH:0
end_of_record
TN:
SF:src\controllers\leagueChatController.ts
FN:13,sendLeagueChatMessageHandler
FN:64,getLeagueChatMessagesHandler
FNF:2
FNH:0
FNDA:0,sendLeagueChatMessageHandler
FNDA:0,getLeagueChatMessagesHandler
DA:2,0
DA:7,0
DA:13,0
DA:17,0
DA:18,0
DA:19,0
DA:21,0
DA:22,0
DA:26,0
DA:30,0
DA:31,0
DA:32,0
DA:36,0
DA:39,0
DA:47,0
DA:52,0
DA:53,0
DA:64,0
DA:68,0
DA:69,0
DA:70,0
DA:74,0
DA:76,0
DA:82,0
DA:88,0
DA:93,0
DA:94,0
LF:27
LH:0
BRDA:19,0,0,0
BRDA:19,1,0,0
BRDA:21,2,0,0
BRDA:21,2,1,0
BRDA:21,3,0,0
BRDA:21,3,1,0
BRDA:31,4,0,0
BRDA:31,4,1,0
BRDA:55,5,0,0
BRDA:55,5,1,0
BRDA:70,6,0,0
BRDA:74,7,0,0
BRDA:74,7,1,0
BRDA:96,8,0,0
BRDA:96,8,1,0
BRF:15
BRH:0
end_of_record
TN:
SF:src\controllers\leagueController.ts
FN:39,createLeagueHandler
FN:181,getUserLeaguesHandler
FN:219,getPublicLeaguesHandler
FN:225,(anonymous_13)
FN:245,getLeagueDetailsHandler
FN:341,joinLeagueHandler
FN:439,updateLeagueSettingsHandler
FN:552,(anonymous_17)
FN:601,transferCommissionerHandler
FN:637,(anonymous_19)
FN:684,isCommissionerHandler
FN:719,(anonymous_21)
FN:743,removeLeagueMemberHandler
FN:789,(anonymous_23)
FN:810,(anonymous_24)
FN:830,getLeagueStatsHandler
FN:859,(anonymous_26)
FN:898,resetLeagueHandler
FN:914,(anonymous_28)
FN:945,(anonymous_29)
FN:952,(anonymous_30)
FN:956,(anonymous_31)
FN:960,(anonymous_32)
FN:964,(anonymous_33)
FN:994,deleteLeagueHandler
FN:1031,(anonymous_35)
FN:1034,(anonymous_36)
FN:1041,(anonymous_37)
FN:1045,(anonymous_38)
FN:1049,(anonymous_39)
FNF:30
FNH:0
FNDA:0,createLeagueHandler
FNDA:0,getUserLeaguesHandler
FNDA:0,getPublicLeaguesHandler
FNDA:0,(anonymous_13)
FNDA:0,getLeagueDetailsHandler
FNDA:0,joinLeagueHandler
FNDA:0,updateLeagueSettingsHandler
FNDA:0,(anonymous_17)
FNDA:0,transferCommissionerHandler
FNDA:0,(anonymous_19)
FNDA:0,isCommissionerHandler
FNDA:0,(anonymous_21)
FNDA:0,removeLeagueMemberHandler
FNDA:0,(anonymous_23)
FNDA:0,(anonymous_24)
FNDA:0,getLeagueStatsHandler
FNDA:0,(anonymous_26)
FNDA:0,resetLeagueHandler
FNDA:0,(anonymous_28)
FNDA:0,(anonymous_29)
FNDA:0,(anonymous_30)
FNDA:0,(anonymous_31)
FNDA:0,(anonymous_32)
FNDA:0,(anonymous_33)
FNDA:0,deleteLeagueHandler
FNDA:0,(anonymous_35)
FNDA:0,(anonymous_36)
FNDA:0,(anonymous_37)
FNDA:0,(anonymous_38)
FNDA:0,(anonymous_39)
DA:2,0
DA:3,0
DA:10,0
DA:16,0
DA:39,0
DA:43,0
DA:53,0
DA:56,0
DA:57,0
DA:61,0
DA:65,0
DA:66,0
DA:70,0
DA:74,0
DA:75,0
DA:79,0
DA:83,0
DA:84,0
DA:89,0
DA:93,0
DA:98,0
DA:99,0
DA:100,0
DA:102,0
DA:106,0
DA:111,0
DA:112,0
DA:113,0
DA:115,0
DA:119,0
DA:124,0
DA:125,0
DA:126,0
DA:128,0
DA:132,0
DA:137,0
DA:139,0
DA:140,0
DA:144,0
DA:148,0
DA:163,0
DA:169,0
DA:170,0
DA:181,0
DA:185,0
DA:186,0
DA:187,0
DA:189,0
DA:190,0
DA:191,0
DA:195,0
DA:198,0
DA:199,0
DA:201,0
DA:206,0
DA:207,0
DA:208,0
DA:219,0
DA:223,0
DA:225,0
DA:226,0
DA:228,0
DA:233,0
DA:234,0
DA:245,0
DA:249,0
DA:250,0
DA:252,0
DA:253,0
DA:257,0
DA:262,0
DA:296,0
DA:297,0
DA:301,0
DA:304,0
DA:307,0
DA:311,0
DA:316,0
DA:321,0
DA:329,0
DA:330,0
DA:341,0
DA:345,0
DA:346,0
DA:347,0
DA:349,0
DA:350,0
DA:354,0
DA:358,0
DA:360,0
DA:361,0
DA:365,0
DA:369,0
DA:371,0
DA:372,0
DA:376,0
DA:380,0
DA:382,0
DA:383,0
DA:387,0
DA:391,0
DA:393,0
DA:394,0
DA:398,0
DA:402,0
DA:405,0
DA:412,0
DA:418,0
DA:419,0
DA:439,0
DA:443,0
DA:444,0
DA:454,0
DA:456,0
DA:457,0
DA:461,0
DA:465,0
DA:467,0
DA:468,0
DA:472,0
DA:476,0
DA:477,0
DA:478,0
DA:482,0
DA:487,0
DA:488,0
DA:493,0
DA:497,0
DA:502,0
DA:503,0
DA:504,0
DA:506,0
DA:510,0
DA:515,0
DA:516,0
DA:518,0
DA:520,0
DA:521,0
DA:525,0
DA:528,0
DA:530,0
DA:534,0
DA:539,0
DA:540,0
DA:541,0
DA:543,0
DA:547,0
DA:552,0
DA:555,0
DA:566,0
DA:567,0
DA:571,0
DA:574,0
DA:580,0
DA:582,0
DA:583,0
DA:587,0
DA:590,0
DA:601,0
DA:605,0
DA:606,0
DA:607,0
DA:609,0
DA:610,0
DA:614,0
DA:617,0
DA:618,0
DA:622,0
DA:626,0
DA:628,0
DA:629,0
DA:633,0
DA:637,0
DA:640,0
DA:646,0
DA:647,0
DA:651,0
DA:654,0
DA:660,0
DA:662,0
DA:666,0
DA:670,0
DA:673,0
DA:684,0
DA:688,0
DA:689,0
DA:691,0
DA:692,0
DA:696,0
DA:699,0
DA:701,0
DA:702,0
DA:706,0
DA:709,0
DA:711,0
DA:712,0
DA:716,0
DA:719,0
DA:720,0
DA:721,0
DA:723,0
DA:731,0
DA:732,0
DA:743,0
DA:747,0
DA:748,0
DA:749,0
DA:751,0
DA:752,0
DA:756,0
DA:759,0
DA:760,0
DA:764,0
DA:768,0
DA:770,0
DA:771,0
DA:775,0
DA:779,0
DA:781,0
DA:782,0
DA:786,0
DA:789,0
DA:790,0
DA:792,0
DA:793,0
DA:797,0
DA:801,0
DA:802,0
DA:806,0
DA:810,0
DA:811,0
DA:813,0
DA:818,0
DA:819,0
DA:830,0
DA:834,0
DA:835,0
DA:837,0
DA:838,0
DA:842,0
DA:846,0
DA:848,0
DA:849,0
DA:853,0
DA:857,0
DA:859,0
DA:860,0
DA:862,0
DA:877,0
DA:882,0
DA:883,0
DA:898,0
DA:902,0
DA:903,0
DA:905,0
DA:906,0
DA:910,0
DA:914,0
DA:915,0
DA:917,0
DA:918,0
DA:922,0
DA:925,0
DA:927,0
DA:928,0
DA:932,0
DA:935,0
DA:937,0
DA:938,0
DA:945,0
DA:946,0
DA:947,0
DA:948,0
DA:952,0
DA:953,0
DA:956,0
DA:957,0
DA:960,0
DA:961,0
DA:964,0
DA:965,0
DA:968,0
DA:972,0
DA:974,0
DA:979,0
DA:980,0
DA:981,0
DA:986,0
DA:994,0
DA:998,0
DA:999,0
DA:1000,0
DA:1002,0
DA:1003,0
DA:1007,0
DA:1011,0
DA:1012,0
DA:1013,0
DA:1017,0
DA:1021,0
DA:1022,0
DA:1023,0
DA:1027,0
DA:1031,0
DA:1034,0
DA:1035,0
DA:1036,0
DA:1037,0
DA:1041,0
DA:1042,0
DA:1045,0
DA:1046,0
DA:1049,0
DA:1050,0
DA:1053,0
DA:1056,0
DA:1059,0
DA:1061,0
DA:1066,0
DA:1067,0
LF:320
LH:0
BRDA:56,0,0,0
BRDA:56,0,1,0
BRDA:56,1,0,0
BRDA:56,1,1,0
BRDA:65,2,0,0
BRDA:65,2,1,0
BRDA:65,3,0,0
BRDA:65,3,1,0
BRDA:74,4,0,0
BRDA:74,4,1,0
BRDA:83,5,0,0
BRDA:83,5,1,0
BRDA:84,6,0,0
BRDA:84,6,1,0
BRDA:85,7,0,0
BRDA:85,7,1,0
BRDA:85,7,2,0
BRDA:98,8,0,0
BRDA:98,8,1,0
BRDA:111,9,0,0
BRDA:111,9,1,0
BRDA:124,10,0,0
BRDA:124,10,1,0
BRDA:139,11,0,0
BRDA:139,11,1,0
BRDA:172,12,0,0
BRDA:172,12,1,0
BRDA:189,13,0,0
BRDA:189,13,1,0
BRDA:210,14,0,0
BRDA:210,14,1,0
BRDA:236,15,0,0
BRDA:236,15,1,0
BRDA:252,16,0,0
BRDA:252,16,1,0
BRDA:296,17,0,0
BRDA:296,17,1,0
BRDA:311,18,0,0
BRDA:311,18,1,0
BRDA:311,19,0,0
BRDA:311,19,1,0
BRDA:325,20,0,0
BRDA:325,20,1,0
BRDA:332,21,0,0
BRDA:332,21,1,0
BRDA:349,22,0,0
BRDA:349,22,1,0
BRDA:360,23,0,0
BRDA:360,23,1,0
BRDA:371,24,0,0
BRDA:371,24,1,0
BRDA:382,25,0,0
BRDA:382,25,1,0
BRDA:393,26,0,0
BRDA:393,26,1,0
BRDA:409,27,0,0
BRDA:409,27,1,0
BRDA:421,28,0,0
BRDA:421,28,1,0
BRDA:456,29,0,0
BRDA:456,29,1,0
BRDA:467,30,0,0
BRDA:467,30,1,0
BRDA:476,31,0,0
BRDA:476,31,1,0
BRDA:477,32,0,0
BRDA:477,32,1,0
BRDA:477,33,0,0
BRDA:477,33,1,0
BRDA:487,34,0,0
BRDA:487,34,1,0
BRDA:488,35,0,0
BRDA:488,35,1,0
BRDA:489,36,0,0
BRDA:489,36,1,0
BRDA:489,36,2,0
BRDA:502,37,0,0
BRDA:502,37,1,0
BRDA:515,38,0,0
BRDA:515,38,1,0
BRDA:520,39,0,0
BRDA:520,39,1,0
BRDA:539,40,0,0
BRDA:539,40,1,0
BRDA:566,41,0,0
BRDA:566,41,1,0
BRDA:582,42,0,0
BRDA:582,42,1,0
BRDA:592,43,0,0
BRDA:592,43,1,0
BRDA:609,44,0,0
BRDA:609,44,1,0
BRDA:617,45,0,0
BRDA:617,45,1,0
BRDA:628,46,0,0
BRDA:628,46,1,0
BRDA:646,47,0,0
BRDA:646,47,1,0
BRDA:662,48,0,0
BRDA:662,48,1,0
BRDA:663,49,0,0
BRDA:663,49,1,0
BRDA:675,50,0,0
BRDA:675,50,1,0
BRDA:691,51,0,0
BRDA:691,51,1,0
BRDA:701,52,0,0
BRDA:701,52,1,0
BRDA:711,53,0,0
BRDA:711,53,1,0
BRDA:734,54,0,0
BRDA:734,54,1,0
BRDA:751,55,0,0
BRDA:751,55,1,0
BRDA:759,56,0,0
BRDA:759,56,1,0
BRDA:770,57,0,0
BRDA:770,57,1,0
BRDA:781,58,0,0
BRDA:781,58,1,0
BRDA:792,59,0,0
BRDA:792,59,1,0
BRDA:801,60,0,0
BRDA:801,60,1,0
BRDA:821,61,0,0
BRDA:821,61,1,0
BRDA:837,62,0,0
BRDA:837,62,1,0
BRDA:848,63,0,0
BRDA:848,63,1,0
BRDA:885,64,0,0
BRDA:885,64,1,0
BRDA:905,65,0,0
BRDA:905,65,1,0
BRDA:917,66,0,0
BRDA:917,66,1,0
BRDA:927,67,0,0
BRDA:927,67,1,0
BRDA:947,68,0,0
BRDA:947,68,1,0
BRDA:983,69,0,0
BRDA:983,69,1,0
BRDA:1002,70,0,0
BRDA:1002,70,1,0
BRDA:1012,71,0,0
BRDA:1012,71,1,0
BRDA:1022,72,0,0
BRDA:1022,72,1,0
BRDA:1022,73,0,0
BRDA:1022,73,1,0
BRDA:1036,74,0,0
BRDA:1036,74,1,0
BRDA:1069,75,0,0
BRDA:1069,75,1,0
BRF:154
BRH:0
end_of_record
TN:
SF:src\controllers\leagueMedianController.ts
FN:15,getLeagueMedianSettingsHandler
FN:54,updateLeagueMedianSettingsHandler
FN:154,generateMedianMatchupsHandler
FN:260,getWeekMedianHandler
FN:312,updateMedianResultsHandler
FNF:5
FNH:0
FNDA:0,getLeagueMedianSettingsHandler
FNDA:0,updateLeagueMedianSettingsHandler
FNDA:0,generateMedianMatchupsHandler
FNDA:0,getWeekMedianHandler
FNDA:0,updateMedianResultsHandler
DA:2,0
DA:3,0
DA:9,0
DA:15,0
DA:16,0
DA:17,0
DA:19,0
DA:20,0
DA:24,0
DA:27,0
DA:29,0
DA:30,0
DA:34,0
DA:37,0
DA:42,0
DA:43,0
DA:54,0
DA:55,0
DA:56,0
DA:57,0
DA:59,0
DA:60,0
DA:64,0
DA:67,0
DA:68,0
DA:72,0
DA:76,0
DA:77,0
DA:78,0
DA:82,0
DA:85,0
DA:86,0
DA:87,0
DA:91,0
DA:95,0
DA:98,0
DA:99,0
DA:100,0
DA:104,0
DA:108,0
DA:109,0
DA:110,0
DA:114,0
DA:119,0
DA:120,0
DA:121,0
DA:125,0
DA:130,0
DA:136,0
DA:142,0
DA:143,0
DA:154,0
DA:155,0
DA:156,0
DA:157,0
DA:158,0
DA:160,0
DA:161,0
DA:165,0
DA:168,0
DA:169,0
DA:173,0
DA:176,0
DA:177,0
DA:181,0
DA:185,0
DA:186,0
DA:187,0
DA:191,0
DA:194,0
DA:195,0
DA:196,0
DA:200,0
DA:204,0
DA:205,0
DA:206,0
DA:210,0
DA:214,0
DA:216,0
DA:217,0
DA:221,0
DA:224,0
DA:226,0
DA:236,0
DA:238,0
DA:248,0
DA:249,0
DA:260,0
DA:261,0
DA:262,0
DA:264,0
DA:265,0
DA:269,0
DA:272,0
DA:273,0
DA:277,0
DA:280,0
DA:281,0
DA:282,0
DA:286,0
DA:289,0
DA:291,0
DA:300,0
DA:301,0
DA:312,0
DA:313,0
DA:314,0
DA:315,0
DA:317,0
DA:318,0
DA:322,0
DA:325,0
DA:326,0
DA:330,0
DA:333,0
DA:334,0
DA:338,0
DA:341,0
DA:342,0
DA:343,0
DA:347,0
DA:351,0
DA:352,0
DA:353,0
DA:357,0
DA:360,0
DA:361,0
DA:362,0
DA:366,0
DA:369,0
DA:371,0
DA:379,0
DA:380,0
LF:133
LH:0
BRDA:19,0,0,0
BRDA:19,0,1,0
BRDA:19,1,0,0
BRDA:19,1,1,0
BRDA:29,2,0,0
BRDA:29,2,1,0
BRDA:45,3,0,0
BRDA:45,3,1,0
BRDA:59,4,0,0
BRDA:59,4,1,0
BRDA:67,5,0,0
BRDA:67,5,1,0
BRDA:67,6,0,0
BRDA:67,6,1,0
BRDA:77,7,0,0
BRDA:77,7,1,0
BRDA:86,8,0,0
BRDA:86,8,1,0
BRDA:86,9,0,0
BRDA:86,9,1,0
BRDA:98,10,0,0
BRDA:98,10,1,0
BRDA:99,11,0,0
BRDA:99,11,1,0
BRDA:99,12,0,0
BRDA:99,12,1,0
BRDA:99,12,2,0
BRDA:108,13,0,0
BRDA:108,13,1,0
BRDA:109,14,0,0
BRDA:109,14,1,0
BRDA:109,15,0,0
BRDA:109,15,1,0
BRDA:109,15,2,0
BRDA:119,16,0,0
BRDA:119,16,1,0
BRDA:119,17,0,0
BRDA:119,17,1,0
BRDA:120,18,0,0
BRDA:120,18,1,0
BRDA:145,19,0,0
BRDA:145,19,1,0
BRDA:160,20,0,0
BRDA:160,20,1,0
BRDA:168,21,0,0
BRDA:168,21,1,0
BRDA:168,22,0,0
BRDA:168,22,1,0
BRDA:176,23,0,0
BRDA:176,23,1,0
BRDA:186,24,0,0
BRDA:186,24,1,0
BRDA:195,25,0,0
BRDA:195,25,1,0
BRDA:195,26,0,0
BRDA:195,26,1,0
BRDA:205,27,0,0
BRDA:205,27,1,0
BRDA:205,28,0,0
BRDA:205,28,1,0
BRDA:214,29,0,0
BRDA:214,29,1,0
BRDA:216,30,0,0
BRDA:216,30,1,0
BRDA:216,31,0,0
BRDA:216,31,1,0
BRDA:216,31,2,0
BRDA:251,32,0,0
BRDA:251,32,1,0
BRDA:264,33,0,0
BRDA:264,33,1,0
BRDA:264,34,0,0
BRDA:264,34,1,0
BRDA:272,35,0,0
BRDA:272,35,1,0
BRDA:272,36,0,0
BRDA:272,36,1,0
BRDA:281,37,0,0
BRDA:281,37,1,0
BRDA:281,38,0,0
BRDA:281,38,1,0
BRDA:303,39,0,0
BRDA:303,39,1,0
BRDA:317,40,0,0
BRDA:317,40,1,0
BRDA:325,41,0,0
BRDA:325,41,1,0
BRDA:325,42,0,0
BRDA:325,42,1,0
BRDA:333,43,0,0
BRDA:333,43,1,0
BRDA:333,44,0,0
BRDA:333,44,1,0
BRDA:342,45,0,0
BRDA:342,45,1,0
BRDA:342,46,0,0
BRDA:342,46,1,0
BRDA:352,47,0,0
BRDA:352,47,1,0
BRDA:361,48,0,0
BRDA:361,48,1,0
BRDA:361,49,0,0
BRDA:361,49,1,0
BRDA:382,50,0,0
BRDA:382,50,1,0
BRF:105
BRH:0
end_of_record
TN:
SF:src\controllers\matchupController.ts
FN:29,getMatchupsForWeek
FN:57,(anonymous_1)
FN:98,updateScoresInBackground
FN:131,getAllMatchupsForLeague
FN:170,generateMatchups
FN:228,updateScoresForWeek
FN:305,getMatchupDetailsHandler
FN:352,getMatchupScoresHandler
FN:399,recalculateRecordsHandler
FN:448,generateFullSeasonMatchups
FN:515,(anonymous_10)
FNF:11
FNH:0
FNDA:0,getMatchupsForWeek
FNDA:0,(anonymous_1)
FNDA:0,updateScoresInBackground
FNDA:0,getAllMatchupsForLeague
FNDA:0,generateMatchups
FNDA:0,updateScoresForWeek
FNDA:0,getMatchupDetailsHandler
FNDA:0,getMatchupScoresHandler
FNDA:0,recalculateRecordsHandler
FNDA:0,generateFullSeasonMatchups
FNDA:0,(anonymous_10)
DA:2,0
DA:10,0
DA:11,0
DA:12,0
DA:13,0
DA:14,0
DA:15,0
DA:16,0
DA:17,0
DA:18,0
DA:21,0
DA:22,0
DA:29,0
DA:33,0
DA:34,0
DA:35,0
DA:38,0
DA:39,0
DA:42,0
DA:43,0
DA:44,0
DA:46,0
DA:49,0
DA:51,0
DA:58,0
DA:63,0
DA:68,0
DA:77,0
DA:80,0
DA:81,0
DA:85,0
DA:88,0
DA:105,0
DA:106,0
DA:109,0
DA:112,0
DA:115,0
DA:118,0
DA:120,0
DA:122,0
DA:123,0
DA:131,0
DA:135,0
DA:136,0
DA:139,0
DA:141,0
DA:143,0
DA:148,0
DA:151,0
DA:152,0
DA:156,0
DA:159,0
DA:170,0
DA:174,0
DA:175,0
DA:176,0
DA:179,0
DA:180,0
DA:182,0
DA:183,0
DA:187,0
DA:191,0
DA:194,0
DA:200,0
DA:206,0
DA:209,0
DA:210,0
DA:214,0
DA:217,0
DA:228,0
DA:232,0
DA:233,0
DA:234,0
DA:237,0
DA:238,0
DA:240,0
DA:241,0
DA:245,0
DA:249,0
DA:250,0
DA:257,0
DA:258,0
DA:266,0
DA:267,0
DA:274,0
DA:283,0
DA:286,0
DA:287,0
DA:291,0
DA:294,0
DA:305,0
DA:309,0
DA:310,0
DA:313,0
DA:315,0
DA:317,0
DA:318,0
DA:322,0
DA:325,0
DA:330,0
DA:333,0
DA:334,0
DA:338,0
DA:341,0
DA:352,0
DA:356,0
DA:357,0
DA:360,0
DA:362,0
DA:364,0
DA:365,0
DA:369,0
DA:372,0
DA:377,0
DA:380,0
DA:381,0
DA:385,0
DA:388,0
DA:399,0
DA:403,0
DA:404,0
DA:405,0
DA:408,0
DA:410,0
DA:411,0
DA:415,0
DA:418,0
DA:419,0
DA:421,0
DA:426,0
DA:429,0
DA:430,0
DA:434,0
DA:437,0
DA:448,0
DA:452,0
DA:453,0
DA:454,0
DA:457,0
DA:459,0
DA:460,0
DA:464,0
DA:468,0
DA:469,0
DA:470,0
DA:474,0
DA:477,0
DA:478,0
DA:479,0
DA:480,0
DA:482,0
DA:487,0
DA:495,0
DA:496,0
DA:501,0
DA:505,0
DA:506,0
DA:508,0
DA:509,0
DA:511,0
DA:514,0
DA:515,0
DA:516,0
DA:517,0
DA:519,0
DA:524,0
DA:528,0
DA:539,0
DA:542,0
DA:543,0
DA:547,0
DA:550,0
LF:172
LH:0
BRDA:35,0,0,0
BRDA:35,1,0,0
BRDA:43,2,0,0
BRDA:43,2,1,0
BRDA:46,3,0,0
BRDA:46,3,1,0
BRDA:49,4,0,0
BRDA:49,4,1,0
BRDA:49,5,0,0
BRDA:49,5,1,0
BRDA:80,6,0,0
BRDA:80,6,1,0
BRDA:80,7,0,0
BRDA:80,7,1,0
BRDA:80,7,2,0
BRDA:80,7,3,0
BRDA:90,8,0,0
BRDA:90,8,1,0
BRDA:151,9,0,0
BRDA:151,9,1,0
BRDA:151,10,0,0
BRDA:151,10,1,0
BRDA:151,10,2,0
BRDA:161,11,0,0
BRDA:161,11,1,0
BRDA:182,12,0,0
BRDA:182,12,1,0
BRDA:209,13,0,0
BRDA:209,13,1,0
BRDA:209,14,0,0
BRDA:209,14,1,0
BRDA:209,14,2,0
BRDA:209,14,3,0
BRDA:219,15,0,0
BRDA:219,15,1,0
BRDA:234,16,0,0
BRDA:240,17,0,0
BRDA:240,17,1,0
BRDA:286,18,0,0
BRDA:286,18,1,0
BRDA:286,19,0,0
BRDA:286,19,1,0
BRDA:286,19,2,0
BRDA:286,19,3,0
BRDA:296,20,0,0
BRDA:296,20,1,0
BRDA:317,21,0,0
BRDA:317,21,1,0
BRDA:333,22,0,0
BRDA:333,22,1,0
BRDA:333,23,0,0
BRDA:333,23,1,0
BRDA:333,23,2,0
BRDA:343,24,0,0
BRDA:343,24,1,0
BRDA:364,25,0,0
BRDA:364,25,1,0
BRDA:380,26,0,0
BRDA:380,26,1,0
BRDA:380,27,0,0
BRDA:380,27,1,0
BRDA:380,27,2,0
BRDA:390,28,0,0
BRDA:390,28,1,0
BRDA:410,29,0,0
BRDA:410,29,1,0
BRDA:429,30,0,0
BRDA:429,30,1,0
BRDA:429,31,0,0
BRDA:429,31,1,0
BRDA:429,31,2,0
BRDA:439,32,0,0
BRDA:439,32,1,0
BRDA:454,33,0,0
BRDA:459,34,0,0
BRDA:459,34,1,0
BRDA:469,35,0,0
BRDA:469,35,1,0
BRDA:477,36,0,0
BRDA:477,36,1,0
BRDA:478,37,0,0
BRDA:478,37,1,0
BRDA:479,38,0,0
BRDA:479,38,1,0
BRDA:495,39,0,0
BRDA:495,39,1,0
BRDA:514,40,0,0
BRDA:514,40,1,0
BRDA:514,41,0,0
BRDA:514,41,1,0
BRDA:516,42,0,0
BRDA:516,42,1,0
BRDA:542,43,0,0
BRDA:542,43,1,0
BRDA:542,44,0,0
BRDA:542,44,1,0
BRDA:542,44,2,0
BRDA:552,45,0,0
BRDA:552,45,1,0
BRF:99
BRH:0
end_of_record
TN:
SF:src\controllers\nflController.ts
FN:8,getCurrentWeek
FNF:1
FNH:0
FNDA:0,getCurrentWeek
DA:2,0
DA:8,0
DA:12,0
DA:13,0
DA:15,0
DA:16,0
DA:20,0
DA:23,0
DA:28,0
DA:37,0
DA:38,0
LF:11
LH:0
BRDA:13,0,0,0
BRDA:15,1,0,0
BRDA:15,1,1,0
BRDA:40,2,0,0
BRDA:40,2,1,0
BRF:5
BRH:0
end_of_record
TN:
SF:src\controllers\playerController.ts
FN:9,fetchSleeperPlayers
FN:10,(anonymous_2)
FN:12,(anonymous_3)
FN:15,(anonymous_4)
FN:19,(anonymous_5)
FN:28,(anonymous_6)
FN:37,syncPlayers
FN:46,(anonymous_8)
FN:50,(anonymous_9)
FN:60,(anonymous_10)
FN:79,syncPlayersHandler
FN:106,getPlayersHandler
FN:136,getPlayersBulkHandler
FN:153,(anonymous_14)
FN:154,(anonymous_15)
FNF:15
FNH:0
FNDA:0,fetchSleeperPlayers
FNDA:0,(anonymous_2)
FNDA:0,(anonymous_3)
FNDA:0,(anonymous_4)
FNDA:0,(anonymous_5)
FNDA:0,(anonymous_6)
FNDA:0,syncPlayers
FNDA:0,(anonymous_8)
FNDA:0,(anonymous_9)
FNDA:0,(anonymous_10)
FNDA:0,syncPlayersHandler
FNDA:0,getPlayersHandler
FNDA:0,getPlayersBulkHandler
FNDA:0,(anonymous_14)
FNDA:0,(anonymous_15)
DA:2,0
DA:3,0
DA:4,0
DA:10,0
DA:11,0
DA:13,0
DA:15,0
DA:16,0
DA:19,0
DA:20,0
DA:21,0
DA:22,0
DA:24,0
DA:29,0
DA:37,0
DA:38,0
DA:39,0
DA:42,0
DA:45,0
DA:48,0
DA:50,0
DA:60,0
DA:62,0
DA:65,0
DA:67,0
DA:68,0
DA:70,0
DA:71,0
DA:79,0
DA:83,0
DA:84,0
DA:86,0
DA:94,0
DA:95,0
DA:106,0
DA:110,0
DA:111,0
DA:113,0
DA:119,0
DA:124,0
DA:125,0
DA:136,0
DA:140,0
DA:141,0
DA:143,0
DA:144,0
DA:148,0
DA:152,0
DA:153,0
DA:154,0
DA:156,0
DA:157,0
DA:161,0
DA:164,0
DA:166,0
DA:171,0
DA:172,0
LF:57
LH:0
BRDA:52,0,0,0
BRDA:52,0,1,0
BRDA:52,0,2,0
BRDA:52,1,0,0
BRDA:52,1,1,0
BRDA:52,2,0,0
BRDA:52,2,1,0
BRDA:53,3,0,0
BRDA:53,3,1,0
BRDA:54,4,0,0
BRDA:54,4,1,0
BRDA:55,5,0,0
BRDA:55,5,1,0
BRDA:56,6,0,0
BRDA:56,6,1,0
BRDA:57,7,0,0
BRDA:57,7,1,0
BRDA:58,8,0,0
BRDA:58,8,1,0
BRDA:97,9,0,0
BRDA:97,9,1,0
BRDA:127,10,0,0
BRDA:127,10,1,0
BRDA:143,11,0,0
BRDA:143,11,1,0
BRDA:156,12,0,0
BRDA:156,12,1,0
BRDA:174,13,0,0
BRDA:174,13,1,0
BRF:29
BRH:0
end_of_record
TN:
SF:src\controllers\playerStatsController.ts
FN:11,getPlayerStats
FN:40,getPlayerProjections
FN:69,getPlayerStatsById
FN:83,(anonymous_4)
FN:111,getPlayerSeasonStats
FN:126,(anonymous_6)
FN:154,getPlayerProjectionsById
FN:168,(anonymous_8)
FN:196,getPlayerSeasonProjections
FN:211,(anonymous_10)
FN:240,getBulkPlayerSeasonStats
FN:327,getBulkPlayerSeasonProjections
FN:414,getBulkPlayerWeekRangeProjections
FN:479,(anonymous_14)
FNF:14
FNH:0
FNDA:0,getPlayerStats
FNDA:0,getPlayerProjections
FNDA:0,getPlayerStatsById
FNDA:0,(anonymous_4)
FNDA:0,getPlayerSeasonStats
FNDA:0,(anonymous_6)
FNDA:0,getPlayerProjectionsById
FNDA:0,(anonymous_8)
FNDA:0,getPlayerSeasonProjections
FNDA:0,(anonymous_10)
FNDA:0,getBulkPlayerSeasonStats
FNDA:0,getBulkPlayerSeasonProjections
FNDA:0,getBulkPlayerWeekRangeProjections
FNDA:0,(anonymous_14)
DA:2,0
DA:3,0
DA:5,0
DA:11,0
DA:15,0
DA:16,0
DA:17,0
DA:19,0
DA:23,0
DA:28,0
DA:29,0
DA:40,0
DA:44,0
DA:45,0
DA:46,0
DA:48,0
DA:52,0
DA:57,0
DA:58,0
DA:69,0
DA:73,0
DA:74,0
DA:75,0
DA:77,0
DA:82,0
DA:83,0
DA:86,0
DA:87,0
DA:91,0
DA:94,0
DA:99,0
DA:100,0
DA:111,0
DA:115,0
DA:116,0
DA:117,0
DA:120,0
DA:125,0
DA:126,0
DA:129,0
DA:130,0
DA:134,0
DA:137,0
DA:142,0
DA:143,0
DA:154,0
DA:158,0
DA:159,0
DA:160,0
DA:162,0
DA:167,0
DA:168,0
DA:171,0
DA:172,0
DA:176,0
DA:179,0
DA:184,0
DA:185,0
DA:196,0
DA:200,0
DA:201,0
DA:202,0
DA:205,0
DA:210,0
DA:211,0
DA:214,0
DA:215,0
DA:219,0
DA:222,0
DA:227,0
DA:228,0
DA:240,0
DA:244,0
DA:245,0
DA:246,0
DA:248,0
DA:249,0
DA:253,0
DA:257,0
DA:258,0
DA:261,0
DA:263,0
DA:265,0
DA:267,0
DA:269,0
DA:270,0
DA:273,0
DA:276,0
DA:278,0
DA:282,0
DA:283,0
DA:284,0
DA:285,0
DA:286,0
DA:292,0
DA:293,0
DA:295,0
DA:299,0
DA:301,0
DA:302,0
DA:303,0
DA:304,0
DA:308,0
DA:314,0
DA:315,0
DA:327,0
DA:331,0
DA:332,0
DA:333,0
DA:335,0
DA:336,0
DA:340,0
DA:344,0
DA:345,0
DA:348,0
DA:350,0
DA:352,0
DA:354,0
DA:356,0
DA:357,0
DA:360,0
DA:363,0
DA:365,0
DA:369,0
DA:370,0
DA:371,0
DA:372,0
DA:373,0
DA:379,0
DA:380,0
DA:382,0
DA:386,0
DA:388,0
DA:389,0
DA:390,0
DA:391,0
DA:395,0
DA:401,0
DA:402,0
DA:414,0
DA:418,0
DA:419,0
DA:420,0
DA:422,0
DA:423,0
DA:427,0
DA:430,0
DA:431,0
DA:435,0
DA:438,0
DA:439,0
DA:443,0
DA:447,0
DA:448,0
DA:450,0
DA:451,0
DA:454,0
DA:455,0
DA:456,0
DA:457,0
DA:461,0
DA:467,0
DA:470,0
DA:473,0
DA:474,0
DA:475,0
DA:476,0
DA:478,0
DA:481,0
DA:483,0
DA:485,0
DA:487,0
DA:488,0
DA:489,0
DA:492,0
DA:493,0
DA:495,0
DA:499,0
DA:500,0
DA:501,0
DA:502,0
DA:503,0
DA:509,0
DA:510,0
DA:512,0
DA:515,0
DA:520,0
DA:524,0
DA:527,0
DA:528,0
DA:529,0
DA:530,0
DA:531,0
DA:536,0
DA:537,0
DA:538,0
DA:541,0
DA:542,0
DA:543,0
DA:545,0
DA:546,0
DA:547,0
DA:550,0
DA:551,0
DA:552,0
DA:558,0
DA:559,0
DA:569,0
DA:570,0
DA:573,0
DA:574,0
DA:575,0
DA:576,0
DA:580,0
DA:587,0
DA:588,0
LF:216
LH:0
BRDA:17,0,0,0
BRDA:31,1,0,0
BRDA:31,1,1,0
BRDA:46,2,0,0
BRDA:60,3,0,0
BRDA:60,3,1,0
BRDA:75,4,0,0
BRDA:86,5,0,0
BRDA:86,5,1,0
BRDA:102,6,0,0
BRDA:102,6,1,0
BRDA:117,7,0,0
BRDA:129,8,0,0
BRDA:129,8,1,0
BRDA:145,9,0,0
BRDA:145,9,1,0
BRDA:160,10,0,0
BRDA:171,11,0,0
BRDA:171,11,1,0
BRDA:187,12,0,0
BRDA:187,12,1,0
BRDA:202,13,0,0
BRDA:214,14,0,0
BRDA:214,14,1,0
BRDA:230,15,0,0
BRDA:230,15,1,0
BRDA:246,16,0,0
BRDA:248,17,0,0
BRDA:248,17,1,0
BRDA:248,18,0,0
BRDA:248,18,1,0
BRDA:263,19,0,0
BRDA:263,19,1,0
BRDA:267,20,0,0
BRDA:267,20,1,0
BRDA:283,21,0,0
BRDA:283,21,1,0
BRDA:285,22,0,0
BRDA:285,22,1,0
BRDA:303,23,0,0
BRDA:303,23,1,0
BRDA:317,24,0,0
BRDA:317,24,1,0
BRDA:333,25,0,0
BRDA:335,26,0,0
BRDA:335,26,1,0
BRDA:335,27,0,0
BRDA:335,27,1,0
BRDA:350,28,0,0
BRDA:350,28,1,0
BRDA:354,29,0,0
BRDA:354,29,1,0
BRDA:370,30,0,0
BRDA:370,30,1,0
BRDA:372,31,0,0
BRDA:372,31,1,0
BRDA:390,32,0,0
BRDA:390,32,1,0
BRDA:404,33,0,0
BRDA:404,33,1,0
BRDA:420,34,0,0
BRDA:422,35,0,0
BRDA:422,35,1,0
BRDA:422,36,0,0
BRDA:422,36,1,0
BRDA:430,37,0,0
BRDA:430,37,1,0
BRDA:430,38,0,0
BRDA:430,38,1,0
BRDA:438,39,0,0
BRDA:438,39,1,0
BRDA:450,40,0,0
BRDA:450,40,1,0
BRDA:456,41,0,0
BRDA:456,41,1,0
BRDA:483,42,0,0
BRDA:483,42,1,0
BRDA:487,43,0,0
BRDA:487,43,1,0
BRDA:500,44,0,0
BRDA:500,44,1,0
BRDA:502,45,0,0
BRDA:502,45,1,0
BRDA:545,46,0,0
BRDA:545,46,1,0
BRDA:545,47,0,0
BRDA:545,47,1,0
BRDA:551,48,0,0
BRDA:551,48,1,0
BRDA:552,49,0,0
BRDA:552,49,1,0
BRDA:558,50,0,0
BRDA:558,50,1,0
BRDA:575,51,0,0
BRDA:575,51,1,0
BRDA:590,52,0,0
BRDA:590,52,1,0
BRF:97
BRH:0
end_of_record
TN:
SF:src\controllers\playoffController.ts
FN:14,getPlayoffSettingsHandler
FN:53,updatePlayoffSettingsHandler
FN:199,generatePlayoffBracketHandler
FN:278,getPlayoffBracketHandler
FN:337,getPlayoffStandingsHandler
FN:378,advancePlayoffRoundHandler
FN:467,pickManualWinnerHandler
FNF:7
FNH:0
FNDA:0,getPlayoffSettingsHandler
FNDA:0,updatePlayoffSettingsHandler
FNDA:0,generatePlayoffBracketHandler
FNDA:0,getPlayoffBracketHandler
FNDA:0,getPlayoffStandingsHandler
FNDA:0,advancePlayoffRoundHandler
FNDA:0,pickManualWinnerHandler
DA:2,0
DA:3,0
DA:5,0
DA:6,0
DA:7,0
DA:8,0
DA:14,0
DA:15,0
DA:16,0
DA:18,0
DA:19,0
DA:23,0
DA:26,0
DA:28,0
DA:29,0
DA:33,0
DA:36,0
DA:41,0
DA:42,0
DA:53,0
DA:54,0
DA:55,0
DA:56,0
DA:58,0
DA:59,0
DA:63,0
DA:66,0
DA:67,0
DA:71,0
DA:75,0
DA:76,0
DA:77,0
DA:81,0
DA:84,0
DA:85,0
DA:86,0
DA:90,0
DA:102,0
DA:105,0
DA:106,0
DA:107,0
DA:111,0
DA:116,0
DA:117,0
DA:118,0
DA:120,0
DA:121,0
DA:125,0
DA:128,0
DA:129,0
DA:133,0
DA:138,0
DA:139,0
DA:140,0
DA:144,0
DA:149,0
DA:150,0
DA:151,0
DA:155,0
DA:158,0
DA:159,0
DA:160,0
DA:161,0
DA:165,0
DA:171,0
DA:181,0
DA:187,0
DA:188,0
DA:199,0
DA:200,0
DA:201,0
DA:202,0
DA:203,0
DA:205,0
DA:206,0
DA:210,0
DA:213,0
DA:214,0
DA:218,0
DA:221,0
DA:222,0
DA:226,0
DA:230,0
DA:231,0
DA:232,0
DA:236,0
DA:239,0
DA:240,0
DA:241,0
DA:245,0
DA:249,0
DA:250,0
DA:251,0
DA:255,0
DA:259,0
DA:261,0
DA:266,0
DA:267,0
DA:278,0
DA:279,0
DA:280,0
DA:281,0
DA:283,0
DA:284,0
DA:288,0
DA:291,0
DA:292,0
DA:296,0
DA:300,0
DA:318,0
DA:320,0
DA:325,0
DA:326,0
DA:337,0
DA:338,0
DA:339,0
DA:340,0
DA:342,0
DA:343,0
DA:347,0
DA:350,0
DA:351,0
DA:355,0
DA:359,0
DA:361,0
DA:366,0
DA:367,0
DA:378,0
DA:379,0
DA:380,0
DA:381,0
DA:382,0
DA:384,0
DA:385,0
DA:389,0
DA:392,0
DA:393,0
DA:397,0
DA:400,0
DA:401,0
DA:405,0
DA:409,0
DA:410,0
DA:411,0
DA:415,0
DA:419,0
DA:420,0
DA:421,0
DA:425,0
DA:428,0
DA:429,0
DA:430,0
DA:434,0
DA:438,0
DA:439,0
DA:440,0
DA:444,0
DA:448,0
DA:450,0
DA:455,0
DA:456,0
DA:467,0
DA:468,0
DA:469,0
DA:470,0
DA:471,0
DA:473,0
DA:474,0
DA:478,0
DA:481,0
DA:482,0
DA:486,0
DA:489,0
DA:490,0
DA:494,0
DA:498,0
DA:504,0
DA:506,0
DA:507,0
DA:511,0
DA:514,0
DA:515,0
DA:518,0
DA:519,0
DA:520,0
DA:524,0
DA:528,0
DA:529,0
DA:533,0
DA:537,0
DA:538,0
DA:539,0
DA:543,0
DA:547,0
DA:558,0
DA:559,0
DA:561,0
DA:567,0
DA:568,0
LF:199
LH:0
BRDA:18,0,0,0
BRDA:18,0,1,0
BRDA:18,1,0,0
BRDA:18,1,1,0
BRDA:28,2,0,0
BRDA:28,2,1,0
BRDA:44,3,0,0
BRDA:44,3,1,0
BRDA:58,4,0,0
BRDA:58,4,1,0
BRDA:66,5,0,0
BRDA:66,5,1,0
BRDA:66,6,0,0
BRDA:66,6,1,0
BRDA:76,7,0,0
BRDA:76,7,1,0
BRDA:85,8,0,0
BRDA:85,8,1,0
BRDA:85,9,0,0
BRDA:85,9,1,0
BRDA:105,10,0,0
BRDA:105,10,1,0
BRDA:106,11,0,0
BRDA:106,11,1,0
BRDA:106,12,0,0
BRDA:106,12,1,0
BRDA:106,12,2,0
BRDA:116,13,0,0
BRDA:116,13,1,0
BRDA:116,14,0,0
BRDA:116,14,1,0
BRDA:117,15,0,0
BRDA:117,15,1,0
BRDA:118,16,0,0
BRDA:118,16,1,0
BRDA:120,17,0,0
BRDA:120,17,1,0
BRDA:120,18,0,0
BRDA:120,18,1,0
BRDA:120,18,2,0
BRDA:120,18,3,0
BRDA:128,19,0,0
BRDA:128,19,1,0
BRDA:138,20,0,0
BRDA:138,20,1,0
BRDA:139,21,0,0
BRDA:139,21,1,0
BRDA:139,22,0,0
BRDA:139,22,1,0
BRDA:139,22,2,0
BRDA:149,23,0,0
BRDA:149,23,1,0
BRDA:150,24,0,0
BRDA:150,24,1,0
BRDA:150,25,0,0
BRDA:150,25,1,0
BRDA:160,26,0,0
BRDA:160,26,1,0
BRDA:190,27,0,0
BRDA:190,27,1,0
BRDA:205,28,0,0
BRDA:205,28,1,0
BRDA:213,29,0,0
BRDA:213,29,1,0
BRDA:213,30,0,0
BRDA:213,30,1,0
BRDA:221,31,0,0
BRDA:221,31,1,0
BRDA:231,32,0,0
BRDA:231,32,1,0
BRDA:240,33,0,0
BRDA:240,33,1,0
BRDA:240,34,0,0
BRDA:240,34,1,0
BRDA:250,35,0,0
BRDA:250,35,1,0
BRDA:269,36,0,0
BRDA:269,36,1,0
BRDA:283,37,0,0
BRDA:283,37,1,0
BRDA:283,38,0,0
BRDA:283,38,1,0
BRDA:291,39,0,0
BRDA:291,39,1,0
BRDA:328,40,0,0
BRDA:328,40,1,0
BRDA:342,41,0,0
BRDA:342,41,1,0
BRDA:342,42,0,0
BRDA:342,42,1,0
BRDA:350,43,0,0
BRDA:350,43,1,0
BRDA:369,44,0,0
BRDA:369,44,1,0
BRDA:384,45,0,0
BRDA:384,45,1,0
BRDA:392,46,0,0
BRDA:392,46,1,0
BRDA:392,47,0,0
BRDA:392,47,1,0
BRDA:400,48,0,0
BRDA:400,48,1,0
BRDA:400,49,0,0
BRDA:400,49,1,0
BRDA:410,50,0,0
BRDA:410,50,1,0
BRDA:420,51,0,0
BRDA:420,51,1,0
BRDA:429,52,0,0
BRDA:429,52,1,0
BRDA:429,53,0,0
BRDA:429,53,1,0
BRDA:439,54,0,0
BRDA:439,54,1,0
BRDA:458,55,0,0
BRDA:458,55,1,0
BRDA:473,56,0,0
BRDA:473,56,1,0
BRDA:481,57,0,0
BRDA:481,57,1,0
BRDA:481,58,0,0
BRDA:481,58,1,0
BRDA:489,59,0,0
BRDA:489,59,1,0
BRDA:489,60,0,0
BRDA:489,60,1,0
BRDA:506,61,0,0
BRDA:506,61,1,0
BRDA:519,62,0,0
BRDA:519,62,1,0
BRDA:519,63,0,0
BRDA:519,63,1,0
BRDA:528,64,0,0
BRDA:528,64,1,0
BRDA:538,65,0,0
BRDA:538,65,1,0
BRDA:538,66,0,0
BRDA:538,66,1,0
BRDA:570,67,0,0
BRDA:570,67,1,0
BRF:140
BRH:0
end_of_record
TN:
SF:src\controllers\rosterController.ts
FN:10,fixBenchSlotsHandler
FN:19,(anonymous_10)
FN:30,(anonymous_11)
FN:43,(anonymous_12)
FN:48,(anonymous_13)
FN:57,(anonymous_14)
FN:58,(anonymous_15)
FN:110,debugRosterHandler
FN:129,(anonymous_17)
FN:130,(anonymous_18)
FN:131,(anonymous_19)
FN:132,(anonymous_20)
FN:198,getRosterWithPlayersHandler
FN:245,updateRosterLineupHandler
FN:291,(anonymous_23)
FNF:15
FNH:0
FNDA:0,fixBenchSlotsHandler
FNDA:0,(anonymous_10)
FNDA:0,(anonymous_11)
FNDA:0,(anonymous_12)
FNDA:0,(anonymous_13)
FNDA:0,(anonymous_14)
FNDA:0,(anonymous_15)
FNDA:0,debugRosterHandler
FNDA:0,(anonymous_17)
FNDA:0,(anonymous_18)
FNDA:0,(anonymous_19)
FNDA:0,(anonymous_20)
FNDA:0,getRosterWithPlayersHandler
FNDA:0,updateRosterLineupHandler
FNDA:0,(anonymous_23)
DA:2,0
DA:3,0
DA:4,0
DA:10,0
DA:11,0
DA:12,0
DA:14,0
DA:18,0
DA:19,0
DA:20,0
DA:21,0
DA:22,0
DA:25,0
DA:26,0
DA:29,0
DA:30,0
DA:32,0
DA:33,0
DA:35,0
DA:36,0
DA:37,0
DA:39,0
DA:40,0
DA:43,0
DA:44,0
DA:48,0
DA:49,0
DA:52,0
DA:54,0
DA:56,0
DA:57,0
DA:58,0
DA:60,0
DA:63,0
DA:66,0
DA:71,0
DA:72,0
DA:73,0
DA:75,0
DA:79,0
DA:81,0
DA:88,0
DA:91,0
DA:92,0
DA:96,0
DA:99,0
DA:110,0
DA:111,0
DA:112,0
DA:115,0
DA:117,0
DA:119,0
DA:120,0
DA:124,0
DA:128,0
DA:129,0
DA:130,0
DA:131,0
DA:132,0
DA:134,0
DA:135,0
DA:136,0
DA:138,0
DA:176,0
DA:179,0
DA:180,0
DA:184,0
DA:187,0
DA:198,0
DA:202,0
DA:203,0
DA:206,0
DA:208,0
DA:210,0
DA:211,0
DA:215,0
DA:218,0
DA:223,0
DA:226,0
DA:227,0
DA:231,0
DA:234,0
DA:245,0
DA:249,0
DA:250,0
DA:251,0
DA:252,0
DA:255,0
DA:257,0
DA:258,0
DA:262,0
DA:266,0
DA:268,0
DA:269,0
DA:273,0
DA:277,0
DA:278,0
DA:282,0
DA:286,0
DA:288,0
DA:291,0
DA:292,0
DA:293,0
DA:297,0
DA:298,0
DA:299,0
DA:303,0
DA:304,0
DA:309,0
DA:313,0
DA:314,0
DA:315,0
DA:320,0
DA:326,0
DA:333,0
DA:334,0
DA:338,0
DA:342,0
DA:344,0
DA:350,0
DA:353,0
DA:354,0
DA:358,0
DA:361,0
LF:124
LH:0
BRDA:18,0,0,0
BRDA:18,0,1,0
BRDA:37,1,0,0
BRDA:37,1,1,0
BRDA:39,2,0,0
BRDA:39,2,1,0
BRDA:40,3,0,0
BRDA:40,3,1,0
BRDA:54,4,0,0
BRDA:54,4,1,0
BRDA:91,5,0,0
BRDA:91,5,1,0
BRDA:91,6,0,0
BRDA:91,6,1,0
BRDA:91,6,2,0
BRDA:101,7,0,0
BRDA:101,7,1,0
BRDA:119,8,0,0
BRDA:119,8,1,0
BRDA:128,9,0,0
BRDA:128,9,1,0
BRDA:134,10,0,0
BRDA:134,10,1,0
BRDA:135,11,0,0
BRDA:135,11,1,0
BRDA:136,12,0,0
BRDA:136,12,1,0
BRDA:179,13,0,0
BRDA:179,13,1,0
BRDA:179,14,0,0
BRDA:179,14,1,0
BRDA:179,14,2,0
BRDA:189,15,0,0
BRDA:189,15,1,0
BRDA:210,16,0,0
BRDA:210,16,1,0
BRDA:226,17,0,0
BRDA:226,17,1,0
BRDA:226,18,0,0
BRDA:226,18,1,0
BRDA:226,18,2,0
BRDA:236,19,0,0
BRDA:236,19,1,0
BRDA:257,20,0,0
BRDA:257,20,1,0
BRDA:268,21,0,0
BRDA:268,21,1,0
BRDA:277,22,0,0
BRDA:277,22,1,0
BRDA:286,23,0,0
BRDA:286,23,1,0
BRDA:286,24,0,0
BRDA:286,24,1,0
BRDA:288,25,0,0
BRDA:288,25,1,0
BRDA:293,26,0,0
BRDA:293,26,1,0
BRDA:297,27,0,0
BRDA:297,27,1,0
BRDA:303,28,0,0
BRDA:303,28,1,0
BRDA:314,29,0,0
BRDA:314,29,1,0
BRDA:333,30,0,0
BRDA:333,30,1,0
BRDA:353,31,0,0
BRDA:353,31,1,0
BRDA:353,32,0,0
BRDA:353,32,1,0
BRDA:353,32,2,0
BRDA:363,33,0,0
BRDA:363,33,1,0
BRF:72
BRH:0
end_of_record
TN:
SF:src\controllers\tradeController.ts
FN:29,proposeTradeController
FN:166,acceptTradeController
FN:242,rejectTradeController
FN:283,cancelTradeController
FN:323,getTradeController
FN:354,getLeagueTradesController
FN:382,getRosterTradesController
FNF:7
FNH:0
FNDA:0,proposeTradeController
FNDA:0,acceptTradeController
FNDA:0,rejectTradeController
FNDA:0,cancelTradeController
FNDA:0,getTradeController
FNDA:0,getLeagueTradesController
FNDA:0,getRosterTradesController
DA:2,0
DA:3,0
DA:9,0
DA:15,0
DA:20,0
DA:21,0
DA:22,0
DA:23,0
DA:29,0
DA:30,0
DA:39,0
DA:42,0
DA:44,0
DA:45,0
DA:48,0
DA:49,0
DA:52,0
DA:53,0
DA:56,0
DA:57,0
DA:62,0
DA:63,0
DA:69,0
DA:70,0
DA:71,0
DA:75,0
DA:76,0
DA:78,0
DA:79,0
DA:80,0
DA:81,0
DA:85,0
DA:86,0
DA:87,0
DA:88,0
DA:92,0
DA:102,0
DA:104,0
DA:105,0
DA:109,0
DA:112,0
DA:113,0
DA:114,0
DA:116,0
DA:117,0
DA:120,0
DA:121,0
DA:122,0
DA:132,0
DA:141,0
DA:142,0
DA:152,0
DA:157,0
DA:158,0
DA:166,0
DA:167,0
DA:169,0
DA:170,0
DA:172,0
DA:173,0
DA:176,0
DA:179,0
DA:182,0
DA:183,0
DA:186,0
DA:187,0
DA:189,0
DA:190,0
DA:202,0
DA:211,0
DA:212,0
DA:222,0
DA:227,0
DA:230,0
DA:231,0
DA:234,0
DA:242,0
DA:243,0
DA:245,0
DA:246,0
DA:247,0
DA:249,0
DA:250,0
DA:253,0
DA:256,0
DA:259,0
DA:260,0
DA:263,0
DA:268,0
DA:271,0
DA:272,0
DA:275,0
DA:283,0
DA:284,0
DA:286,0
DA:287,0
DA:289,0
DA:290,0
DA:293,0
DA:296,0
DA:299,0
DA:300,0
DA:303,0
DA:308,0
DA:311,0
DA:312,0
DA:315,0
DA:323,0
DA:324,0
DA:326,0
DA:328,0
DA:330,0
DA:331,0
DA:334,0
DA:339,0
DA:342,0
DA:343,0
DA:346,0
DA:354,0
DA:355,0
DA:357,0
DA:358,0
DA:360,0
DA:362,0
DA:367,0
DA:370,0
DA:371,0
DA:374,0
DA:382,0
DA:383,0
DA:385,0
DA:387,0
DA:389,0
DA:394,0
DA:397,0
DA:398,0
DA:401,0
LF:137
LH:0
BRDA:37,0,0,0
BRDA:38,1,0,0
BRDA:44,2,0,0
BRDA:44,2,1,0
BRDA:48,3,0,0
BRDA:48,3,1,0
BRDA:52,4,0,0
BRDA:52,4,1,0
BRDA:52,5,0,0
BRDA:52,5,1,0
BRDA:56,6,0,0
BRDA:56,6,1,0
BRDA:56,7,0,0
BRDA:56,7,1,0
BRDA:62,8,0,0
BRDA:62,8,1,0
BRDA:62,9,0,0
BRDA:62,9,1,0
BRDA:70,10,0,0
BRDA:70,10,1,0
BRDA:78,11,0,0
BRDA:78,11,1,0
BRDA:80,12,0,0
BRDA:80,12,1,0
BRDA:85,13,0,0
BRDA:85,13,1,0
BRDA:87,14,0,0
BRDA:87,14,1,0
BRDA:104,15,0,0
BRDA:104,15,1,0
BRDA:112,16,0,0
BRDA:112,16,1,0
BRDA:113,17,0,0
BRDA:113,17,1,0
BRDA:114,18,0,0
BRDA:114,18,1,0
BRDA:120,19,0,0
BRDA:120,19,1,0
BRDA:127,20,0,0
BRDA:127,20,1,0
BRDA:146,21,0,0
BRDA:146,21,1,0
BRDA:172,22,0,0
BRDA:172,22,1,0
BRDA:182,23,0,0
BRDA:182,23,1,0
BRDA:186,24,0,0
BRDA:186,24,1,0
BRDA:187,25,0,0
BRDA:187,25,1,0
BRDA:198,26,0,0
BRDA:198,26,1,0
BRDA:216,27,0,0
BRDA:216,27,1,0
BRDA:230,28,0,0
BRDA:230,28,1,0
BRDA:230,29,0,0
BRDA:230,29,1,0
BRDA:230,29,2,0
BRDA:249,30,0,0
BRDA:249,30,1,0
BRDA:259,31,0,0
BRDA:259,31,1,0
BRDA:271,32,0,0
BRDA:271,32,1,0
BRDA:271,33,0,0
BRDA:271,33,1,0
BRDA:271,33,2,0
BRDA:289,34,0,0
BRDA:289,34,1,0
BRDA:299,35,0,0
BRDA:299,35,1,0
BRDA:311,36,0,0
BRDA:311,36,1,0
BRDA:311,37,0,0
BRDA:311,37,1,0
BRDA:311,37,2,0
BRDA:330,38,0,0
BRDA:330,38,1,0
BRDA:342,39,0,0
BRDA:342,39,1,0
BRDA:342,40,0,0
BRDA:342,40,1,0
BRDA:342,40,2,0
BRDA:370,41,0,0
BRDA:370,41,1,0
BRDA:370,42,0,0
BRDA:370,42,1,0
BRDA:370,42,2,0
BRDA:397,43,0,0
BRDA:397,43,1,0
BRDA:397,44,0,0
BRDA:397,44,1,0
BRDA:397,44,2,0
BRF:94
BRH:0
end_of_record
TN:
SF:src\controllers\userController.ts
FN:8,search
FNF:1
FNH:0
FNDA:0,search
DA:2,0
DA:8,0
DA:9,0
DA:10,0
DA:12,0
DA:13,0
DA:17,0
DA:20,0
DA:22,0
DA:27,0
DA:28,0
LF:11
LH:0
BRDA:12,0,0,0
BRDA:12,0,1,0
BRDA:12,1,0,0
BRDA:12,1,1,0
BRF:4
BRH:0
end_of_record
TN:
SF:src\controllers\waiverController.ts
FN:30,submitClaimHandler
FN:118,getLeagueClaimsHandler
FN:153,getRosterClaimsHandler
FN:188,cancelClaimHandler
FN:260,processWaiversHandler
FN:314,pickupFreeAgentHandler
FN:381,getLeagueTransactionsHandler
FN:417,getAvailablePlayersHandler
FN:454,getWaiverSettingsHandler
FN:488,updateWaiverSettingsHandler
FNF:10
FNH:0
FNDA:0,submitClaimHandler
FNDA:0,getLeagueClaimsHandler
FNDA:0,getRosterClaimsHandler
FNDA:0,cancelClaimHandler
FNDA:0,processWaiversHandler
FNDA:0,pickupFreeAgentHandler
FNDA:0,getLeagueTransactionsHandler
FNDA:0,getAvailablePlayersHandler
FNDA:0,getWaiverSettingsHandler
FNDA:0,updateWaiverSettingsHandler
DA:2,0
DA:8,0
DA:14,0
DA:17,0
DA:18,0
DA:19,0
DA:23,0
DA:24,0
DA:30,0
DA:31,0
DA:33,0
DA:34,0
DA:37,0
DA:38,0
DA:42,0
DA:46,0
DA:47,0
DA:51,0
DA:54,0
DA:55,0
DA:59,0
DA:63,0
DA:64,0
DA:65,0
DA:69,0
DA:73,0
DA:74,0
DA:75,0
DA:79,0
DA:83,0
DA:90,0
DA:96,0
DA:99,0
DA:100,0
DA:104,0
DA:107,0
DA:118,0
DA:119,0
DA:120,0
DA:121,0
DA:123,0
DA:124,0
DA:128,0
DA:131,0
DA:136,0
DA:141,0
DA:142,0
DA:153,0
DA:154,0
DA:155,0
DA:156,0
DA:158,0
DA:159,0
DA:163,0
DA:166,0
DA:171,0
DA:176,0
DA:177,0
DA:188,0
DA:189,0
DA:190,0
DA:192,0
DA:193,0
DA:197,0
DA:201,0
DA:202,0
DA:203,0
DA:207,0
DA:211,0
DA:212,0
DA:216,0
DA:220,0
DA:221,0
DA:222,0
DA:226,0
DA:230,0
DA:231,0
DA:232,0
DA:236,0
DA:240,0
DA:242,0
DA:248,0
DA:249,0
DA:260,0
DA:261,0
DA:262,0
DA:264,0
DA:265,0
DA:269,0
DA:273,0
DA:274,0
DA:275,0
DA:279,0
DA:283,0
DA:286,0
DA:288,0
DA:293,0
DA:295,0
DA:296,0
DA:300,0
DA:303,0
DA:314,0
DA:315,0
DA:316,0
DA:317,0
DA:319,0
DA:320,0
DA:324,0
DA:328,0
DA:329,0
DA:333,0
DA:337,0
DA:338,0
DA:339,0
DA:343,0
DA:347,0
DA:348,0
DA:349,0
DA:353,0
DA:357,0
DA:363,0
DA:369,0
DA:370,0
DA:381,0
DA:385,0
DA:386,0
DA:387,0
DA:389,0
DA:390,0
DA:394,0
DA:398,0
DA:400,0
DA:405,0
DA:406,0
DA:417,0
DA:421,0
DA:422,0
DA:424,0
DA:425,0
DA:429,0
DA:432,0
DA:434,0
DA:442,0
DA:443,0
DA:454,0
DA:458,0
DA:459,0
DA:461,0
DA:462,0
DA:466,0
DA:469,0
DA:471,0
DA:476,0
DA:477,0
DA:488,0
DA:492,0
DA:493,0
DA:495,0
DA:496,0
DA:500,0
DA:504,0
DA:505,0
DA:506,0
DA:510,0
DA:514,0
DA:522,0
DA:525,0
DA:526,0
DA:530,0
DA:533,0
DA:537,0
DA:542,0
DA:545,0
DA:546,0
DA:550,0
DA:553,0
DA:557,0
DA:561,0
DA:565,0
DA:573,0
DA:579,0
DA:581,0
DA:582,0
DA:586,0
DA:589,0
LF:185
LH:0
BRDA:37,0,0,0
BRDA:37,0,1,0
BRDA:37,1,0,0
BRDA:37,1,1,0
BRDA:46,2,0,0
BRDA:46,2,1,0
BRDA:46,3,0,0
BRDA:46,3,1,0
BRDA:54,4,0,0
BRDA:54,4,1,0
BRDA:54,5,0,0
BRDA:54,5,1,0
BRDA:64,6,0,0
BRDA:64,6,1,0
BRDA:74,7,0,0
BRDA:74,7,1,0
BRDA:74,8,0,0
BRDA:74,8,1,0
BRDA:86,9,0,0
BRDA:86,9,1,0
BRDA:99,10,0,0
BRDA:99,10,1,0
BRDA:99,11,0,0
BRDA:99,11,1,0
BRDA:99,11,2,0
BRDA:109,12,0,0
BRDA:109,12,1,0
BRDA:123,13,0,0
BRDA:123,13,1,0
BRDA:144,14,0,0
BRDA:144,14,1,0
BRDA:158,15,0,0
BRDA:158,15,1,0
BRDA:179,16,0,0
BRDA:179,16,1,0
BRDA:192,17,0,0
BRDA:192,17,1,0
BRDA:202,18,0,0
BRDA:202,18,1,0
BRDA:211,19,0,0
BRDA:211,19,1,0
BRDA:221,20,0,0
BRDA:221,20,1,0
BRDA:231,21,0,0
BRDA:231,21,1,0
BRDA:231,22,0,0
BRDA:231,22,1,0
BRDA:251,23,0,0
BRDA:251,23,1,0
BRDA:264,24,0,0
BRDA:264,24,1,0
BRDA:274,25,0,0
BRDA:274,25,1,0
BRDA:295,26,0,0
BRDA:295,26,1,0
BRDA:305,27,0,0
BRDA:305,27,1,0
BRDA:319,28,0,0
BRDA:319,28,1,0
BRDA:328,29,0,0
BRDA:328,29,1,0
BRDA:328,30,0,0
BRDA:328,30,1,0
BRDA:338,31,0,0
BRDA:338,31,1,0
BRDA:348,32,0,0
BRDA:348,32,1,0
BRDA:348,33,0,0
BRDA:348,33,1,0
BRDA:360,34,0,0
BRDA:360,34,1,0
BRDA:372,35,0,0
BRDA:372,35,1,0
BRDA:387,36,0,0
BRDA:387,36,1,0
BRDA:389,37,0,0
BRDA:389,37,1,0
BRDA:408,38,0,0
BRDA:408,38,1,0
BRDA:424,39,0,0
BRDA:424,39,1,0
BRDA:445,40,0,0
BRDA:445,40,1,0
BRDA:461,41,0,0
BRDA:461,41,1,0
BRDA:479,42,0,0
BRDA:479,42,1,0
BRDA:495,43,0,0
BRDA:495,43,1,0
BRDA:505,44,0,0
BRDA:505,44,1,0
BRDA:525,45,0,0
BRDA:525,45,1,0
BRDA:525,46,0,0
BRDA:525,46,1,0
BRDA:533,47,0,0
BRDA:533,47,1,0
BRDA:534,48,0,0
BRDA:534,48,1,0
BRDA:545,49,0,0
BRDA:545,49,1,0
BRDA:545,50,0,0
BRDA:545,50,1,0
BRDA:545,50,2,0
BRDA:553,51,0,0
BRDA:553,51,1,0
BRDA:554,52,0,0
BRDA:554,52,1,0
BRDA:554,52,2,0
BRDA:581,53,0,0
BRDA:581,53,1,0
BRDA:591,54,0,0
BRDA:591,54,1,0
BRF:113
BRH:0
end_of_record
TN:
SF:src\controllers\weeklyLineupController.ts
FN:14,getWeeklyLineupHandler
FN:59,updateWeeklyLineupHandler
FN:94,(anonymous_11)
FN:96,(anonymous_12)
FN:97,(anonymous_13)
FN:106,(anonymous_14)
FN:119,(anonymous_15)
FNF:7
FNH:0
FNDA:0,getWeeklyLineupHandler
FNDA:0,updateWeeklyLineupHandler
FNDA:0,(anonymous_11)
FNDA:0,(anonymous_12)
FNDA:0,(anonymous_13)
FNDA:0,(anonymous_14)
FNDA:0,(anonymous_15)
DA:2,0
DA:6,0
DA:7,0
DA:8,0
DA:14,0
DA:18,0
DA:19,0
DA:22,0
DA:23,0
DA:25,0
DA:31,0
DA:36,0
DA:39,0
DA:40,0
DA:44,0
DA:47,0
DA:59,0
DA:63,0
DA:64,0
DA:65,0
DA:68,0
DA:69,0
DA:71,0
DA:72,0
DA:76,0
DA:80,0
DA:87,0
DA:94,0
DA:95,0
DA:96,0
DA:97,0
DA:99,0
DA:100,0
DA:105,0
DA:106,0
DA:107,0
DA:108,0
DA:112,0
DA:113,0
DA:114,0
DA:115,0
DA:116,0
DA:118,0
DA:119,0
DA:122,0
DA:123,0
DA:129,0
DA:130,0
DA:134,0
DA:139,0
DA:147,0
DA:153,0
DA:159,0
DA:162,0
DA:163,0
DA:167,0
DA:170,0
LF:57
LH:0
BRDA:39,0,0,0
BRDA:39,0,1,0
BRDA:39,1,0,0
BRDA:39,1,1,0
BRDA:39,1,2,0
BRDA:39,1,3,0
BRDA:49,2,0,0
BRDA:49,2,1,0
BRDA:65,3,0,0
BRDA:71,4,0,0
BRDA:71,4,1,0
BRDA:71,5,0,0
BRDA:71,5,1,0
BRDA:99,6,0,0
BRDA:99,6,1,0
BRDA:114,7,0,0
BRDA:114,7,1,0
BRDA:116,8,0,0
BRDA:116,8,1,0
BRDA:116,9,0,0
BRDA:116,9,1,0
BRDA:122,10,0,0
BRDA:122,10,1,0
BRDA:129,11,0,0
BRDA:129,11,1,0
BRDA:162,12,0,0
BRDA:162,12,1,0
BRDA:162,13,0,0
BRDA:162,13,1,0
BRDA:162,13,2,0
BRDA:162,13,3,0
BRDA:172,14,0,0
BRDA:172,14,1,0
BRF:33
BRH:0
end_of_record
TN:
SF:src\errors\AppError.ts
FN:2,(anonymous_0)
FN:13,(anonymous_1)
FN:19,(anonymous_2)
FN:25,(anonymous_3)
FN:31,(anonymous_4)
FN:37,(anonymous_5)
FN:43,(anonymous_6)
FNF:7
FNH:0
FNDA:0,(anonymous_0)
FNDA:0,(anonymous_1)
FNDA:0,(anonymous_2)
FNDA:0,(anonymous_3)
FNDA:0,(anonymous_4)
FNDA:0,(anonymous_5)
FNDA:0,(anonymous_6)
DA:1,0
DA:3,0
DA:4,0
DA:5,0
DA:7,0
DA:8,0
DA:12,0
DA:14,0
DA:18,0
DA:20,0
DA:24,0
DA:26,0
DA:30,0
DA:32,0
DA:36,0
DA:38,0
DA:42,0
DA:44,0
LF:18
LH:0
BRDA:5,0,0,0
BRDA:19,1,0,0
BRDA:25,2,0,0
BRDA:31,3,0,0
BRDA:43,4,0,0
BRF:5
BRH:0
end_of_record
TN:
SF:src\errors\DraftErrors.ts
FN:5,(anonymous_0)
FN:14,(anonymous_1)
FN:21,(anonymous_2)
FN:28,(anonymous_3)
FN:35,(anonymous_4)
FN:42,(anonymous_5)
FN:53,(anonymous_6)
FNF:7
FNH:0
FNDA:0,(anonymous_0)
FNDA:0,(anonymous_1)
FNDA:0,(anonymous_2)
FNDA:0,(anonymous_3)
FNDA:0,(anonymous_4)
FNDA:0,(anonymous_5)
FNDA:0,(anonymous_6)
DA:1,0
DA:6,0
DA:7,0
DA:8,0
DA:9,0
DA:13,0
DA:15,0
DA:16,0
DA:20,0
DA:22,0
DA:23,0
DA:27,0
DA:29,0
DA:30,0
DA:34,0
DA:36,0
DA:37,0
DA:41,0
DA:43,0
DA:48,0
DA:52,0
DA:54,0
DA:59,0
LF:23
LH:0
BRDA:5,0,0,0
BRF:1
BRH:0
end_of_record
TN:
SF:src\middleware\authMiddleware.ts
FN:16,authenticate
FNF:1
FNH:0
FNDA:0,authenticate
DA:2,0
DA:16,0
DA:21,0
DA:23,0
DA:25,0
DA:26,0
DA:31,0
DA:35,0
DA:39,0
DA:42,0
DA:45,0
DA:47,0
DA:49,0
DA:54,0
DA:55,0
DA:59,0
DA:62,0
DA:63,0
DA:67,0
DA:70,0
LF:20
LH:0
BRDA:25,0,0,0
BRDA:25,0,1,0
BRDA:25,1,0,0
BRDA:25,1,1,0
BRDA:29,2,0,0
BRDA:29,2,1,0
BRDA:54,3,0,0
BRDA:54,3,1,0
BRDA:62,4,0,0
BRDA:62,4,1,0
BRF:10
BRH:0
end_of_record
TN:
SF:src\middleware\authorization.ts
FN:11,requireAdmin
FN:50,requireCommissioner
FN:110,requireLeagueMember
FN:167,requireRosterOwnership
FN:224,requireTradeParticipant
FN:265,(anonymous_6)
FN:290,requireCommissionerOrRosterOwner
FNF:7
FNH:0
FNDA:0,requireAdmin
FNDA:0,requireCommissioner
FNDA:0,requireLeagueMember
FNDA:0,requireRosterOwnership
FNDA:0,requireTradeParticipant
FNDA:0,(anonymous_6)
FNDA:0,requireCommissionerOrRosterOwner
DA:2,0
DA:3,0
DA:4,0
DA:5,0
DA:11,0
DA:16,0
DA:17,0
DA:18,0
DA:20,0
DA:21,0
DA:25,0
DA:28,0
DA:29,0
DA:33,0
DA:37,0
DA:39,0
DA:40,0
DA:50,0
DA:55,0
DA:56,0
DA:57,0
DA:59,0
DA:60,0
DA:64,0
DA:67,0
DA:68,0
DA:72,0
DA:75,0
DA:77,0
DA:78,0
DA:82,0
DA:86,0
DA:88,0
DA:89,0
DA:93,0
DA:97,0
DA:99,0
DA:100,0
DA:110,0
DA:115,0
DA:116,0
DA:117,0
DA:119,0
DA:120,0
DA:124,0
DA:127,0
DA:128,0
DA:132,0
DA:136,0
DA:142,0
DA:143,0
DA:145,0
DA:146,0
DA:150,0
DA:154,0
DA:156,0
DA:157,0
DA:167,0
DA:172,0
DA:173,0
DA:174,0
DA:176,0
DA:177,0
DA:181,0
DA:184,0
DA:185,0
DA:189,0
DA:192,0
DA:194,0
DA:195,0
DA:199,0
DA:202,0
DA:203,0
DA:207,0
DA:211,0
DA:213,0
DA:214,0
DA:224,0
DA:229,0
DA:230,0
DA:231,0
DA:233,0
DA:234,0
DA:238,0
DA:241,0
DA:242,0
DA:246,0
DA:249,0
DA:251,0
DA:252,0
DA:256,0
DA:260,0
DA:265,0
DA:267,0
DA:268,0
DA:272,0
DA:276,0
DA:278,0
DA:279,0
DA:290,0
DA:295,0
DA:296,0
DA:297,0
DA:299,0
DA:300,0
DA:304,0
DA:307,0
DA:308,0
DA:312,0
DA:315,0
DA:317,0
DA:318,0
DA:322,0
DA:326,0
DA:327,0
DA:328,0
DA:332,0
DA:333,0
DA:334,0
DA:335,0
DA:339,0
DA:344,0
DA:345,0
LF:123
LH:0
BRDA:20,0,0,0
BRDA:20,0,1,0
BRDA:28,1,0,0
BRDA:28,1,1,0
BRDA:56,2,0,0
BRDA:56,2,1,0
BRDA:59,3,0,0
BRDA:59,3,1,0
BRDA:67,4,0,0
BRDA:67,4,1,0
BRDA:67,5,0,0
BRDA:67,5,1,0
BRDA:77,6,0,0
BRDA:77,6,1,0
BRDA:88,7,0,0
BRDA:88,7,1,0
BRDA:116,8,0,0
BRDA:116,8,1,0
BRDA:116,8,2,0
BRDA:119,9,0,0
BRDA:119,9,1,0
BRDA:127,10,0,0
BRDA:127,10,1,0
BRDA:127,11,0,0
BRDA:127,11,1,0
BRDA:145,12,0,0
BRDA:145,12,1,0
BRDA:173,13,0,0
BRDA:173,13,1,0
BRDA:173,13,2,0
BRDA:176,14,0,0
BRDA:176,14,1,0
BRDA:184,15,0,0
BRDA:184,15,1,0
BRDA:184,16,0,0
BRDA:184,16,1,0
BRDA:194,17,0,0
BRDA:194,17,1,0
BRDA:202,18,0,0
BRDA:202,18,1,0
BRDA:230,19,0,0
BRDA:230,19,1,0
BRDA:230,19,2,0
BRDA:233,20,0,0
BRDA:233,20,1,0
BRDA:241,21,0,0
BRDA:241,21,1,0
BRDA:241,22,0,0
BRDA:241,22,1,0
BRDA:251,23,0,0
BRDA:251,23,1,0
BRDA:267,24,0,0
BRDA:267,24,1,0
BRDA:296,25,0,0
BRDA:296,25,1,0
BRDA:296,25,2,0
BRDA:299,26,0,0
BRDA:299,26,1,0
BRDA:307,27,0,0
BRDA:307,27,1,0
BRDA:307,28,0,0
BRDA:307,28,1,0
BRDA:317,29,0,0
BRDA:317,29,1,0
BRDA:326,30,0,0
BRDA:326,30,1,0
BRDA:333,31,0,0
BRDA:333,31,1,0
BRDA:333,32,0,0
BRDA:333,32,1,0
BRF:70
BRH:0
end_of_record
TN:
SF:src\middleware\rateLimiter.ts
FN:102,(anonymous_1)
FNF:1
FNH:0
FNDA:0,(anonymous_1)
DA:1,0
DA:3,0
DA:20,0
DA:39,0
DA:56,0
DA:71,0
DA:86,0
DA:102,0
DA:107,0
DA:109,0
DA:110,0
DA:113,0
DA:114,0
DA:117,0
DA:118,0
DA:121,0
DA:122,0
DA:125,0
DA:129,0
DA:132,0
DA:135,0
DA:136,0
DA:144,0
DA:158,0
LF:24
LH:0
BRDA:110,0,0,0
BRDA:110,1,0,0
BRDA:110,1,1,0
BRDA:121,2,0,0
BRDA:121,2,1,0
BRDA:121,3,0,0
BRDA:121,3,1,0
BRF:7
BRH:0
end_of_record
TN:
SF:src\middleware\requestId.ts
FN:13,requestIdMiddleware
FNF:1
FNH:0
FNDA:0,requestIdMiddleware
DA:2,0
DA:13,0
DA:18,0
DA:19,0
DA:20,0
LF:5
LH:0
BRF:0
BRH:0
end_of_record
TN:
SF:src\middleware\socketAuthMiddleware.ts
FN:15,socketAuthMiddleware
FNF:1
FNH:0
FNDA:0,socketAuthMiddleware
DA:2,0
DA:15,0
DA:16,0
DA:18,0
DA:20,0
DA:21,0
DA:22,0
DA:26,0
DA:29,0
DA:31,0
DA:32,0
DA:34,0
DA:36,0
DA:37,0
DA:40,0
DA:41,0
DA:44,0
LF:17
LH:0
BRDA:20,0,0,0
BRDA:20,0,1,0
BRDA:36,1,0,0
BRDA:36,1,1,0
BRDA:40,2,0,0
BRDA:40,2,1,0
BRF:6
BRH:0
end_of_record
TN:
SF:src\middleware\validationMiddleware.ts
FN:7,(anonymous_0)
FN:16,(anonymous_1)
FNF:2
FNH:0
FNDA:0,(anonymous_0)
FNDA:0,(anonymous_1)
DA:2,0
DA:7,0
DA:12,0
DA:14,0
DA:16,0
DA:21,0
DA:26,0
DA:29,0
LF:8
LH:0
BRDA:14,0,0,0
BRDA:14,0,1,0
BRDA:17,1,0,0
BRDA:17,1,1,0
BRF:4
BRH:0
end_of_record
TN:
SF:src\models\Auction.ts
FN:40,createNomination
FN:47,(anonymous_11)
FN:87,getNominationById
FN:106,getActiveNominations
FN:129,getAllNominations
FN:152,completeNomination
FN:179,updateNominationStatus
FN:194,updateNominationDeadline
FN:211,getBidsForNomination
FN:227,getAllBidsForDraft
FN:244,placeBid
FN:310,processProxyBid
FN:323,(anonymous_22)
FN:327,(anonymous_23)
FN:328,(anonymous_24)
FN:348,(anonymous_25)
FN:413,processDirectBid
FN:426,(anonymous_27)
FN:467,getRosterBudget
FN:545,validateBid
FN:590,(anonymous_30)
FN:612,isAuctionComplete
FN:626,(anonymous_32)
FN:667,assignAuctionPlayersToRosters
FN:710,(anonymous_34)
FN:711,(anonymous_35)
FN:733,(anonymous_36)
FN:759,(anonymous_37)
FN:766,(anonymous_38)
FN:802,autoPopulateAuctionStarters
FN:809,(anonymous_40)
FN:828,(anonymous_41)
FN:835,(anonymous_42)
FN:836,(anonymous_43)
FN:850,(anonymous_44)
FN:872,(anonymous_45)
FN:880,(anonymous_46)
FN:897,(anonymous_47)
FN:915,advanceAuctionTurn
FN:922,(anonymous_49)
FN:927,(anonymous_50)
FN:932,(anonymous_51)
FN:938,(anonymous_52)
FN:947,(anonymous_53)
FN:955,(anonymous_54)
FN:970,getRosterTeamName
FNF:46
FNH:0
FNDA:0,createNomination
FNDA:0,(anonymous_11)
FNDA:0,getNominationById
FNDA:0,getActiveNominations
FNDA:0,getAllNominations
FNDA:0,completeNomination
FNDA:0,updateNominationStatus
FNDA:0,updateNominationDeadline
FNDA:0,getBidsForNomination
FNDA:0,getAllBidsForDraft
FNDA:0,placeBid
FNDA:0,processProxyBid
FNDA:0,(anonymous_22)
FNDA:0,(anonymous_23)
FNDA:0,(anonymous_24)
FNDA:0,(anonymous_25)
FNDA:0,processDirectBid
FNDA:0,(anonymous_27)
FNDA:0,getRosterBudget
FNDA:0,validateBid
FNDA:0,(anonymous_30)
FNDA:0,isAuctionComplete
FNDA:0,(anonymous_32)
FNDA:0,assignAuctionPlayersToRosters
FNDA:0,(anonymous_34)
FNDA:0,(anonymous_35)
FNDA:0,(anonymous_36)
FNDA:0,(anonymous_37)
FNDA:0,(anonymous_38)
FNDA:0,autoPopulateAuctionStarters
FNDA:0,(anonymous_40)
FNDA:0,(anonymous_41)
FNDA:0,(anonymous_42)
FNDA:0,(anonymous_43)
FNDA:0,(anonymous_44)
FNDA:0,(anonymous_45)
FNDA:0,(anonymous_46)
FNDA:0,(anonymous_47)
FNDA:0,advanceAuctionTurn
FNDA:0,(anonymous_49)
FNDA:0,(anonymous_50)
FNDA:0,(anonymous_51)
FNDA:0,(anonymous_52)
FNDA:0,(anonymous_53)
FNDA:0,(anonymous_54)
FNDA:0,getRosterTeamName
DA:1,0
DA:2,0
DA:3,0
DA:40,0
DA:47,0
DA:48,0
DA:49,0
DA:51,0
DA:59,0
DA:62,0
DA:70,0
DA:84,0
DA:87,0
DA:90,0
DA:103,0
DA:106,0
DA:109,0
DA:126,0
DA:129,0
DA:132,0
DA:149,0
DA:152,0
DA:157,0
DA:169,0
DA:170,0
DA:172,0
DA:176,0
DA:179,0
DA:183,0
DA:191,0
DA:194,0
DA:198,0
DA:206,0
DA:211,0
DA:214,0
DA:224,0
DA:227,0
DA:230,0
DA:241,0
DA:244,0
DA:255,0
DA:256,0
DA:257,0
DA:260,0
DA:261,0
DA:264,0
DA:265,0
DA:266,0
DA:270,0
DA:276,0
DA:277,0
DA:281,0
DA:284,0
DA:288,0
DA:289,0
DA:298,0
DA:307,0
DA:323,0
DA:327,0
DA:328,0
DA:331,0
DA:344,0
DA:347,0
DA:348,0
DA:355,0
DA:357,0
DA:358,0
DA:361,0
DA:362,0
DA:364,0
DA:367,0
DA:368,0
DA:370,0
DA:374,0
DA:378,0
DA:385,0
DA:396,0
DA:405,0
DA:426,0
DA:429,0
DA:437,0
DA:440,0
DA:448,0
DA:457,0
DA:467,0
DA:471,0
DA:472,0
DA:473,0
DA:477,0
DA:485,0
DA:488,0
DA:498,0
DA:501,0
DA:502,0
DA:504,0
DA:507,0
DA:512,0
DA:513,0
DA:514,0
DA:517,0
DA:525,0
DA:527,0
DA:528,0
DA:532,0
DA:533,0
DA:535,0
DA:545,0
DA:552,0
DA:553,0
DA:554,0
DA:558,0
DA:560,0
DA:561,0
DA:568,0
DA:569,0
DA:578,0
DA:580,0
DA:581,0
DA:588,0
DA:589,0
DA:590,0
DA:591,0
DA:593,0
DA:594,0
DA:595,0
DA:597,0
DA:598,0
DA:605,0
DA:612,0
DA:613,0
DA:614,0
DA:615,0
DA:619,0
DA:620,0
DA:622,0
DA:626,0
DA:627,0
DA:629,0
DA:632,0
DA:634,0
DA:643,0
DA:646,0
DA:648,0
DA:652,0
DA:654,0
DA:660,0
DA:667,0
DA:670,0
DA:671,0
DA:676,0
DA:677,0
DA:678,0
DA:681,0
DA:684,0
DA:692,0
DA:693,0
DA:695,0
DA:700,0
DA:701,0
DA:702,0
DA:703,0
DA:704,0
DA:706,0
DA:710,0
DA:711,0
DA:714,0
DA:715,0
DA:716,0
DA:721,0
DA:725,0
DA:733,0
DA:734,0
DA:738,0
DA:739,0
DA:743,0
DA:746,0
DA:748,0
DA:754,0
DA:756,0
DA:757,0
DA:758,0
DA:759,0
DA:761,0
DA:766,0
DA:767,0
DA:768,0
DA:771,0
DA:772,0
DA:773,0
DA:780,0
DA:789,0
DA:793,0
DA:794,0
DA:807,0
DA:809,0
DA:810,0
DA:812,0
DA:813,0
DA:816,0
DA:819,0
DA:822,0
DA:827,0
DA:828,0
DA:829,0
DA:830,0
DA:834,0
DA:835,0
DA:836,0
DA:841,0
DA:845,0
DA:846,0
DA:847,0
DA:850,0
DA:851,0
DA:852,0
DA:853,0
DA:857,0
DA:858,0
DA:859,0
DA:860,0
DA:861,0
DA:862,0
DA:866,0
DA:868,0
DA:872,0
DA:873,0
DA:874,0
DA:875,0
DA:879,0
DA:880,0
DA:881,0
DA:882,0
DA:883,0
DA:887,0
DA:888,0
DA:889,0
DA:890,0
DA:897,0
DA:899,0
DA:903,0
DA:905,0
DA:907,0
DA:915,0
DA:916,0
DA:917,0
DA:918,0
DA:922,0
DA:923,0
DA:925,0
DA:927,0
DA:928,0
DA:929,0
DA:930,0
DA:932,0
DA:934,0
DA:935,0
DA:938,0
DA:939,0
DA:940,0
DA:942,0
DA:943,0
DA:947,0
DA:950,0
DA:951,0
DA:955,0
DA:957,0
DA:959,0
DA:963,0
DA:964,0
DA:970,0
DA:971,0
DA:978,0
LF:272
LH:0
BRDA:49,0,0,0
BRDA:49,0,1,0
BRDA:103,1,0,0
BRDA:103,1,1,0
BRDA:256,2,0,0
BRDA:256,2,1,0
BRDA:260,3,0,0
BRDA:260,3,1,0
BRDA:265,4,0,0
BRDA:265,4,1,0
BRDA:276,5,0,0
BRDA:276,5,1,0
BRDA:277,6,0,0
BRDA:277,6,1,0
BRDA:284,7,0,0
BRDA:284,7,1,0
BRDA:288,8,0,0
BRDA:288,8,1,0
BRDA:327,9,0,0
BRDA:327,9,1,0
BRDA:355,10,0,0
BRDA:355,10,1,0
BRDA:367,11,0,0
BRDA:367,11,1,0
BRDA:472,12,0,0
BRDA:472,12,1,0
BRDA:502,13,0,0
BRDA:502,13,1,0
BRDA:504,14,0,0
BRDA:504,14,1,0
BRDA:512,15,0,0
BRDA:512,15,1,0
BRDA:514,16,0,0
BRDA:514,16,1,0
BRDA:553,17,0,0
BRDA:553,17,1,0
BRDA:560,18,0,0
BRDA:560,18,1,0
BRDA:568,19,0,0
BRDA:568,19,1,0
BRDA:580,20,0,0
BRDA:580,20,1,0
BRDA:588,21,0,0
BRDA:588,21,1,0
BRDA:591,22,0,0
BRDA:591,22,1,0
BRDA:593,23,0,0
BRDA:593,23,1,0
BRDA:594,24,0,0
BRDA:594,24,1,0
BRDA:595,25,0,0
BRDA:595,25,1,0
BRDA:597,26,0,0
BRDA:597,26,1,0
BRDA:614,27,0,0
BRDA:614,27,1,0
BRDA:620,28,0,0
BRDA:620,28,1,0
BRDA:629,29,0,0
BRDA:629,29,1,0
BRDA:646,30,0,0
BRDA:646,30,1,0
BRDA:652,31,0,0
BRDA:652,31,1,0
BRDA:677,32,0,0
BRDA:677,32,1,0
BRDA:703,33,0,0
BRDA:703,33,1,0
BRDA:733,34,0,0
BRDA:733,34,1,0
BRDA:738,35,0,0
BRDA:738,35,1,0
BRDA:756,36,0,0
BRDA:756,36,1,0
BRDA:757,37,0,0
BRDA:757,37,1,0
BRDA:758,38,0,0
BRDA:758,38,1,0
BRDA:767,39,0,0
BRDA:767,39,1,0
BRDA:812,40,0,0
BRDA:812,40,1,0
BRDA:812,41,0,0
BRDA:812,41,1,0
BRDA:847,42,0,0
BRDA:847,42,1,0
BRDA:851,43,0,0
BRDA:851,43,1,0
BRDA:851,44,0,0
BRDA:851,44,1,0
BRDA:853,45,0,0
BRDA:853,45,1,0
BRDA:854,46,0,0
BRDA:854,46,1,0
BRDA:858,47,0,0
BRDA:858,47,1,0
BRDA:858,48,0,0
BRDA:858,48,1,0
BRDA:860,49,0,0
BRDA:860,49,1,0
BRDA:860,50,0,0
BRDA:860,50,1,0
BRDA:862,51,0,0
BRDA:862,51,1,0
BRDA:863,52,0,0
BRDA:863,52,1,0
BRDA:873,53,0,0
BRDA:873,53,1,0
BRDA:879,54,0,0
BRDA:879,54,1,0
BRDA:881,55,0,0
BRDA:881,55,1,0
BRDA:887,56,0,0
BRDA:887,56,1,0
BRDA:917,57,0,0
BRDA:917,57,1,0
BRDA:925,58,0,0
BRDA:925,58,1,0
BRDA:929,59,0,0
BRDA:929,59,1,0
BRDA:934,60,0,0
BRDA:934,60,1,0
BRDA:939,61,0,0
BRDA:939,61,1,0
BRDA:950,62,0,0
BRDA:950,62,1,0
BRDA:957,63,0,0
BRDA:957,63,1,0
BRDA:978,64,0,0
BRDA:978,64,1,0
BRF:130
BRH:0
end_of_record
TN:
SF:src\models\Draft.ts
FN:35,createDraft
FN:112,getDraftById
FN:131,getDraftByLeagueId
FN:152,updateDraft
FN:162,(anonymous_14)
FN:204,startDraft
FN:231,pauseDraft
FN:258,resumeDraft
FN:284,completeDraft
FN:314,autoPopulateStarters
FN:321,(anonymous_20)
FN:338,(anonymous_21)
FN:345,(anonymous_22)
FN:346,(anonymous_23)
FN:360,(anonymous_24)
FN:383,(anonymous_25)
FN:391,(anonymous_26)
FN:408,(anonymous_27)
FN:427,assignDraftedPlayersToRosters
FN:462,(anonymous_29)
FN:468,(anonymous_30)
FN:474,(anonymous_31)
FN:479,(anonymous_32)
FN:485,(anonymous_33)
FN:504,(anonymous_34)
FN:525,(anonymous_35)
FN:531,(anonymous_36)
FN:536,(anonymous_37)
FN:561,resetDraft
FN:622,deleteDraft
FNF:30
FNH:0
FNDA:0,createDraft
FNDA:0,getDraftById
FNDA:0,getDraftByLeagueId
FNDA:0,updateDraft
FNDA:0,(anonymous_14)
FNDA:0,startDraft
FNDA:0,pauseDraft
FNDA:0,resumeDraft
FNDA:0,completeDraft
FNDA:0,autoPopulateStarters
FNDA:0,(anonymous_20)
FNDA:0,(anonymous_21)
FNDA:0,(anonymous_22)
FNDA:0,(anonymous_23)
FNDA:0,(anonymous_24)
FNDA:0,(anonymous_25)
FNDA:0,(anonymous_26)
FNDA:0,(anonymous_27)
FNDA:0,assignDraftedPlayersToRosters
FNDA:0,(anonymous_29)
FNDA:0,(anonymous_30)
FNDA:0,(anonymous_31)
FNDA:0,(anonymous_32)
FNDA:0,(anonymous_33)
FNDA:0,(anonymous_34)
FNDA:0,(anonymous_35)
FNDA:0,(anonymous_36)
FNDA:0,(anonymous_37)
FNDA:0,resetDraft
FNDA:0,deleteDraft
DA:1,0
DA:2,0
DA:35,0
DA:52,0
DA:54,0
DA:55,0
DA:57,0
DA:58,0
DA:61,0
DA:63,0
DA:74,0
DA:91,0
DA:93,0
DA:96,0
DA:97,0
DA:101,0
DA:102,0
DA:105,0
DA:112,0
DA:113,0
DA:114,0
DA:115,0
DA:117,0
DA:118,0
DA:121,0
DA:123,0
DA:124,0
DA:131,0
DA:134,0
DA:135,0
DA:136,0
DA:138,0
DA:139,0
DA:142,0
DA:144,0
DA:145,0
DA:152,0
DA:156,0
DA:157,0
DA:158,0
DA:159,0
DA:162,0
DA:163,0
DA:164,0
DA:165,0
DA:170,0
DA:174,0
DA:175,0
DA:178,0
DA:179,0
DA:181,0
DA:188,0
DA:190,0
DA:191,0
DA:194,0
DA:196,0
DA:197,0
DA:204,0
DA:205,0
DA:206,0
DA:215,0
DA:217,0
DA:218,0
DA:221,0
DA:223,0
DA:224,0
DA:231,0
DA:232,0
DA:233,0
DA:242,0
DA:244,0
DA:245,0
DA:248,0
DA:250,0
DA:251,0
DA:258,0
DA:259,0
DA:260,0
DA:268,0
DA:270,0
DA:271,0
DA:274,0
DA:276,0
DA:277,0
DA:284,0
DA:285,0
DA:286,0
DA:297,0
DA:299,0
DA:300,0
DA:303,0
DA:305,0
DA:306,0
DA:319,0
DA:321,0
DA:322,0
DA:324,0
DA:325,0
DA:326,0
DA:329,0
DA:332,0
DA:337,0
DA:338,0
DA:339,0
DA:340,0
DA:344,0
DA:345,0
DA:346,0
DA:351,0
DA:355,0
DA:356,0
DA:357,0
DA:360,0
DA:362,0
DA:363,0
DA:364,0
DA:368,0
DA:369,0
DA:370,0
DA:371,0
DA:372,0
DA:373,0
DA:377,0
DA:379,0
DA:383,0
DA:384,0
DA:385,0
DA:386,0
DA:390,0
DA:391,0
DA:392,0
DA:393,0
DA:394,0
DA:398,0
DA:399,0
DA:400,0
DA:401,0
DA:408,0
DA:410,0
DA:414,0
DA:416,0
DA:418,0
DA:427,0
DA:428,0
DA:429,0
DA:432,0
DA:433,0
DA:434,0
DA:436,0
DA:437,0
DA:441,0
DA:447,0
DA:448,0
DA:450,0
DA:453,0
DA:454,0
DA:455,0
DA:456,0
DA:458,0
DA:462,0
DA:464,0
DA:465,0
DA:468,0
DA:469,0
DA:472,0
DA:473,0
DA:474,0
DA:475,0
DA:478,0
DA:479,0
DA:480,0
DA:485,0
DA:487,0
DA:488,0
DA:489,0
DA:492,0
DA:497,0
DA:504,0
DA:505,0
DA:509,0
DA:510,0
DA:514,0
DA:517,0
DA:519,0
DA:525,0
DA:526,0
DA:528,0
DA:529,0
DA:530,0
DA:531,0
DA:533,0
DA:536,0
DA:537,0
DA:538,0
DA:541,0
DA:542,0
DA:543,0
DA:545,0
DA:551,0
DA:553,0
DA:554,0
DA:561,0
DA:562,0
DA:563,0
DA:564,0
DA:565,0
DA:568,0
DA:573,0
DA:574,0
DA:578,0
DA:583,0
DA:588,0
DA:602,0
DA:604,0
DA:605,0
DA:608,0
DA:609,0
DA:611,0
DA:612,0
DA:613,0
DA:615,0
DA:622,0
DA:623,0
DA:624,0
DA:625,0
DA:627,0
DA:628,0
LF:227
LH:0
BRDA:54,0,0,0
BRDA:54,0,1,0
BRDA:57,1,0,0
BRDA:57,1,1,0
BRDA:57,2,0,0
BRDA:57,2,1,0
BRDA:57,2,2,0
BRDA:61,3,0,0
BRDA:61,3,1,0
BRDA:77,4,0,0
BRDA:77,4,1,0
BRDA:78,5,0,0
BRDA:78,5,1,0
BRDA:79,6,0,0
BRDA:79,6,1,0
BRDA:81,7,0,0
BRDA:81,7,1,0
BRDA:82,8,0,0
BRDA:82,8,1,0
BRDA:83,9,0,0
BRDA:83,9,1,0
BRDA:84,10,0,0
BRDA:84,10,1,0
BRDA:85,11,0,0
BRDA:85,11,1,0
BRDA:86,12,0,0
BRDA:86,12,1,0
BRDA:87,13,0,0
BRDA:87,13,1,0
BRDA:88,14,0,0
BRDA:88,14,1,0
BRDA:96,15,0,0
BRDA:96,15,1,0
BRDA:101,16,0,0
BRDA:101,16,1,0
BRDA:117,17,0,0
BRDA:117,17,1,0
BRDA:138,18,0,0
BRDA:138,18,1,0
BRDA:163,19,0,0
BRDA:163,19,1,0
BRDA:163,20,0,0
BRDA:163,20,1,0
BRDA:166,21,0,0
BRDA:166,21,1,0
BRDA:166,22,0,0
BRDA:166,22,1,0
BRDA:174,23,0,0
BRDA:174,23,1,0
BRDA:190,24,0,0
BRDA:190,24,1,0
BRDA:217,25,0,0
BRDA:217,25,1,0
BRDA:244,26,0,0
BRDA:244,26,1,0
BRDA:270,27,0,0
BRDA:270,27,1,0
BRDA:299,28,0,0
BRDA:299,28,1,0
BRDA:324,29,0,0
BRDA:324,29,1,0
BRDA:324,30,0,0
BRDA:324,30,1,0
BRDA:357,31,0,0
BRDA:357,31,1,0
BRDA:362,32,0,0
BRDA:362,32,1,0
BRDA:362,33,0,0
BRDA:362,33,1,0
BRDA:364,34,0,0
BRDA:364,34,1,0
[...]
DA:380,0
DA:383,0
DA:384,0
DA:386,0
DA:387,0
DA:388,0
DA:389,0
DA:392,0
DA:393,0
DA:394,0
DA:398,0
DA:400,0
DA:401,0
LF:147
LH:0
BRDA:30,0,0,0
BRDA:30,0,1,0
BRDA:36,1,0,0
BRDA:36,1,1,0
BRDA:40,2,0,0
BRDA:40,2,1,0
BRDA:46,3,0,0
BRDA:46,3,1,0
BRDA:52,4,0,0
BRDA:52,4,1,0
BRDA:58,5,0,0
BRDA:58,5,1,0
BRDA:63,6,0,0
BRDA:63,6,1,0
BRDA:65,7,0,0
BRDA:65,7,1,0
BRDA:126,8,0,0
BRDA:126,8,1,0
BRDA:151,9,0,0
BRDA:151,9,1,0
BRDA:167,10,0,0
BRDA:167,10,1,0
BRDA:178,11,0,0
BRDA:178,11,1,0
BRDA:194,12,0,0
BRDA:194,12,1,0
BRDA:197,13,0,0
BRDA:197,13,1,0
BRDA:199,14,0,0
BRDA:199,14,1,0
BRDA:205,15,0,0
BRDA:205,15,1,0
BRDA:208,16,0,0
BRDA:208,16,1,0
BRDA:250,17,0,0
BRDA:250,17,1,0
BRDA:261,18,0,0
BRDA:261,18,1,0
BRDA:295,19,0,0
BRDA:295,19,1,0
BRDA:301,20,0,0
BRDA:301,20,1,0
BRDA:307,21,0,0
BRDA:307,21,1,0
BRDA:312,22,0,0
BRDA:312,22,1,0
BRDA:314,23,0,0
BRDA:314,23,1,0
BRDA:323,24,0,0
BRDA:323,24,1,0
BRDA:334,25,0,0
BRDA:334,25,1,0
BRDA:357,26,0,0
BRDA:357,26,1,0
BRDA:386,27,0,0
BRDA:386,27,1,0
BRDA:392,28,0,0
BRDA:392,28,1,0
BRDA:393,29,0,0
BRDA:393,29,1,0
BRDA:394,30,0,0
BRDA:394,30,1,0
BRF:62
BRH:0
end_of_record
TN:
SF:src\socket\auctionSocket.ts
FN:25,setupAuctionSocket
FN:29,(anonymous_10)
FN:40,(anonymous_11)
FN:82,(anonymous_12)
FN:121,(anonymous_13)
FN:166,(anonymous_14)
FN:213,(anonymous_15)
FN:257,(anonymous_16)
FN:277,(anonymous_17)
FN:287,(anonymous_18)
FN:300,scheduleNominationExpiry
FN:314,(anonymous_20)
FN:321,processNominationExpiry
FN:322,(anonymous_22)
FN:368,(anonymous_23)
FN:442,(anonymous_24)
FN:443,(anonymous_25)
FN:455,(anonymous_26)
FN:477,(anonymous_27)
FN:480,(anonymous_28)
FN:560,resetNominationTimer
FN:574,cancelNominationTimer
FN:584,scheduleTurnTimer
FN:598,(anonymous_32)
FN:606,processTurnExpiry
FN:624,(anonymous_34)
FN:680,(anonymous_35)
FN:681,(anonymous_36)
FN:705,cancelTurnTimer
FNF:29
FNH:0
FNDA:0,setupAuctionSocket
FNDA:0,(anonymous_10)
FNDA:0,(anonymous_11)
FNDA:0,(anonymous_12)
FNDA:0,(anonymous_13)
FNDA:0,(anonymous_14)
FNDA:0,(anonymous_15)
FNDA:0,(anonymous_16)
FNDA:0,(anonymous_17)
FNDA:0,(anonymous_18)
FNDA:0,scheduleNominationExpiry
FNDA:0,(anonymous_20)
FNDA:0,processNominationExpiry
FNDA:0,(anonymous_22)
FNDA:0,(anonymous_23)
FNDA:0,(anonymous_24)
FNDA:0,(anonymous_25)
FNDA:0,(anonymous_26)
FNDA:0,(anonymous_27)
FNDA:0,(anonymous_28)
FNDA:0,resetNominationTimer
FNDA:0,cancelNominationTimer
FNDA:0,scheduleTurnTimer
FNDA:0,(anonymous_32)
FNDA:0,processTurnExpiry
FNDA:0,(anonymous_34)
FNDA:0,(anonymous_35)
FNDA:0,(anonymous_36)
FNDA:0,cancelTurnTimer
DA:2,0
DA:11,0
DA:12,0
DA:13,0
DA:14,0
DA:20,0
DA:23,0
DA:25,0
DA:27,0
DA:29,0
DA:30,0
DA:31,0
DA:32,0
DA:33,0
DA:34,0
DA:37,0
DA:40,0
DA:41,0
DA:43,0
DA:45,0
DA:46,0
DA:47,0
DA:48,0
DA:49,0
DA:53,0
DA:54,0
DA:55,0
DA:56,0
DA:57,0
DA:58,0
DA:62,0
DA:63,0
DA:66,0
DA:67,0
DA:71,0
DA:72,0
DA:74,0
DA:75,0
DA:80,0
DA:87,0
DA:89,0
DA:91,0
DA:92,0
DA:93,0
DA:94,0
DA:95,0
DA:99,0
DA:100,0
DA:101,0
DA:102,0
DA:103,0
DA:106,0
DA:107,0
DA:108,0
DA:112,0
DA:113,0
DA:117,0
DA:118,0
DA:120,0
DA:121,0
DA:123,0
DA:125,0
DA:126,0
DA:129,0
DA:134,0
DA:135,0
DA:136,0
DA:137,0
DA:138,0
DA:141,0
DA:149,0
DA:150,0
DA:153,0
DA:154,0
DA:157,0
DA:158,0
DA:164,0
DA:172,0
DA:174,0
DA:176,0
DA:177,0
DA:178,0
DA:179,0
DA:180,0
DA:184,0
DA:185,0
DA:186,0
DA:187,0
DA:188,0
DA:192,0
DA:193,0
DA:194,0
DA:197,0
DA:198,0
DA:199,0
DA:203,0
DA:209,0
DA:210,0
DA:213,0
DA:214,0
DA:217,0
DA:233,0
DA:234,0
DA:239,0
DA:240,0
DA:244,0
DA:251,0
DA:252,0
DA:257,0
DA:258,0
DA:261,0
DA:264,0
DA:271,0
DA:272,0
DA:277,0
DA:278,0
DA:279,0
DA:280,0
DA:287,0
DA:288,0
DA:289,0
DA:290,0
DA:292,0
DA:300,0
DA:306,0
DA:309,0
DA:310,0
DA:311,0
DA:314,0
DA:315,0
DA:318,0
DA:322,0
DA:323,0
DA:324,0
DA:326,0
DA:327,0
DA:330,0
DA:335,0
DA:336,0
DA:337,0
DA:338,0
DA:341,0
DA:344,0
DA:345,0
DA:346,0
DA:347,0
DA:350,0
DA:353,0
DA:364,0
DA:366,0
DA:368,0
DA:369,0
DA:371,0
DA:379,0
DA:390,0
DA:393,0
DA:400,0
DA:403,0
DA:410,0
DA:412,0
DA:422,0
DA:423,0
DA:429,0
DA:430,0
DA:431,0
DA:434,0
DA:437,0
DA:440,0
DA:441,0
DA:442,0
DA:443,0
DA:444,0
DA:446,0
DA:447,0
DA:449,0
DA:450,0
DA:453,0
DA:455,0
DA:457,0
DA:458,0
DA:459,0
DA:463,0
DA:464,0
DA:465,0
DA:468,0
DA:476,0
DA:477,0
DA:480,0
DA:484,0
DA:485,0
DA:486,0
DA:487,0
DA:493,0
DA:495,0
DA:503,0
DA:504,0
DA:505,0
DA:507,0
DA:513,0
DA:519,0
DA:523,0
DA:531,0
DA:534,0
DA:541,0
DA:543,0
DA:550,0
DA:552,0
DA:553,0
DA:554,0
DA:556,0
DA:560,0
DA:566,0
DA:567,0
DA:568,0
DA:570,0
DA:574,0
DA:575,0
DA:576,0
DA:577,0
DA:578,0
DA:584,0
DA:591,0
DA:592,0
DA:593,0
DA:596,0
DA:598,0
DA:599,0
DA:602,0
DA:603,0
DA:607,0
DA:608,0
DA:610,0
DA:611,0
DA:612,0
DA:613,0
DA:617,0
DA:618,0
DA:619,0
DA:620,0
DA:624,0
DA:625,0
DA:639,0
DA:640,0
DA:642,0
DA:643,0
DA:644,0
DA:645,0
DA:649,0
DA:651,0
DA:654,0
DA:655,0
DA:656,0
DA:657,0
DA:658,0
DA:662,0
DA:670,0
DA:671,0
DA:674,0
DA:675,0
DA:679,0
DA:680,0
DA:681,0
DA:683,0
DA:684,0
DA:685,0
DA:688,0
DA:694,0
DA:698,0
DA:700,0
DA:701,0
DA:705,0
DA:706,0
DA:707,0
DA:708,0
DA:709,0
DA:711,0
LF:276
LH:0
BRDA:31,0,0,0
BRDA:31,0,1,0
BRDA:46,1,0,0
BRDA:46,1,1,0
BRDA:53,2,0,0
BRDA:53,2,1,0
BRDA:55,3,0,0
BRDA:55,3,1,0
BRDA:66,4,0,0
BRDA:66,4,1,0
BRDA:92,5,0,0
BRDA:92,5,1,0
BRDA:100,6,0,0
BRDA:100,6,1,0
BRDA:107,7,0,0
BRDA:107,7,1,0
BRDA:112,8,0,0
BRDA:112,8,1,0
BRDA:112,9,0,0
BRDA:112,9,1,0
BRDA:117,10,0,0
BRDA:117,10,1,0
BRDA:123,11,0,0
BRDA:123,11,1,0
BRDA:125,12,0,0
BRDA:125,12,1,0
BRDA:135,13,0,0
BRDA:135,13,1,0
BRDA:135,14,0,0
BRDA:135,14,1,0
BRDA:137,15,0,0
BRDA:137,15,1,0
BRDA:137,16,0,0
BRDA:137,16,1,0
BRDA:153,17,0,0
BRDA:153,17,1,0
BRDA:177,18,0,0
BRDA:177,18,1,0
BRDA:185,19,0,0
BRDA:185,19,1,0
BRDA:193,20,0,0
BRDA:193,20,1,0
BRDA:198,21,0,0
BRDA:198,21,1,0
BRDA:209,22,0,0
BRDA:209,22,1,0
BRDA:239,23,0,0
BRDA:239,23,1,0
BRDA:239,24,0,0
BRDA:239,24,1,0
BRDA:251,25,0,0
BRDA:251,25,1,0
BRDA:251,26,0,0
BRDA:251,26,1,0
BRDA:279,27,0,0
BRDA:279,27,1,0
BRDA:289,28,0,0
BRDA:289,28,1,0
BRDA:309,29,0,0
BRDA:309,29,1,0
BRDA:335,30,0,0
BRDA:335,30,1,0
BRDA:344,31,0,0
BRDA:344,31,1,0
BRDA:366,32,0,0
BRDA:366,32,1,0
BRDA:369,33,0,0
BRDA:369,33,1,0
BRDA:430,34,0,0
BRDA:430,34,1,0
BRDA:441,35,0,0
BRDA:441,35,1,0
BRDA:446,36,0,0
BRDA:446,36,1,0
BRDA:449,37,0,0
BRDA:449,37,1,0
BRDA:450,38,0,0
BRDA:450,38,1,0
BRDA:463,39,0,0
BRDA:463,39,1,0
BRDA:567,40,0,0
BRDA:567,40,1,0
BRDA:576,41,0,0
BRDA:576,41,1,0
BRDA:592,42,0,0
BRDA:592,42,1,0
BRDA:611,43,0,0
BRDA:611,43,1,0
BRDA:611,44,0,0
BRDA:611,44,1,0
BRDA:617,45,0,0
BRDA:617,45,1,0
BRDA:642,46,0,0
BRDA:642,46,1,0
BRDA:655,47,0,0
BRDA:655,47,1,0
BRDA:655,48,0,0
BRDA:655,48,1,0
BRDA:657,49,0,0
BRDA:657,49,1,0
BRDA:657,50,0,0
BRDA:657,50,1,0
BRDA:674,51,0,0
BRDA:674,51,1,0
BRDA:679,52,0,0
BRDA:679,52,1,0
BRDA:684,53,0,0
BRDA:684,53,1,0
BRDA:707,54,0,0
BRDA:707,54,1,0
BRF:110
BRH:0
end_of_record
TN:
SF:src\socket\draftSocket.ts
FN:12,setupDraftSocket
FN:16,(anonymous_11)
FN:29,(anonymous_12)
FN:86,(anonymous_13)
FN:120,(anonymous_14)
FN:167,(anonymous_15)
FN:187,(anonymous_16)
FN:207,(anonymous_17)
FN:225,(anonymous_18)
FN:245,(anonymous_19)
FN:263,(anonymous_20)
FN:295,(anonymous_21)
FN:314,(anonymous_22)
FN:339,(anonymous_23)
FN:353,emitDraftPick
FN:365,emitDraftStatusChange
FN:377,emitDraftOrderUpdate
FN:389,broadcastTimerUpdate
FN:407,startTimerBroadcast
FN:408,(anonymous_29)
FN:409,(anonymous_30)
FN:411,(anonymous_31)
FN:455,stopTimerBroadcast
FNF:23
FNH:0
FNDA:0,setupDraftSocket
FNDA:0,(anonymous_11)
FNDA:0,(anonymous_12)
FNDA:0,(anonymous_13)
FNDA:0,(anonymous_14)
FNDA:0,(anonymous_15)
FNDA:0,(anonymous_16)
FNDA:0,(anonymous_17)
FNDA:0,(anonymous_18)
FNDA:0,(anonymous_19)
FNDA:0,(anonymous_20)
FNDA:0,(anonymous_21)
FNDA:0,(anonymous_22)
FNDA:0,(anonymous_23)
FNDA:0,emitDraftPick
FNDA:0,emitDraftStatusChange
FNDA:0,emitDraftOrderUpdate
FNDA:0,broadcastTimerUpdate
FNDA:0,startTimerBroadcast
FNDA:0,(anonymous_29)
FNDA:0,(anonymous_30)
FNDA:0,(anonymous_31)
FNDA:0,stopTimerBroadcast
DA:2,0
DA:3,0
DA:4,0
DA:5,0
DA:10,0
DA:12,0
DA:14,0
DA:16,0
DA:17,0
DA:18,0
DA:19,0
DA:20,0
DA:21,0
DA:24,0
DA:29,0
DA:30,0
DA:31,0
DA:33,0
DA:35,0
DA:36,0
DA:37,0
DA:38,0
DA:42,0
DA:43,0
DA:44,0
DA:45,0
DA:46,0
DA:50,0
DA:51,0
DA:53,0
DA:56,0
DA:63,0
DA:69,0
DA:76,0
DA:78,0
DA:79,0
DA:86,0
DA:87,0
DA:88,0
DA:90,0
DA:91,0
DA:93,0
DA:96,0
DA:103,0
DA:104,0
DA:111,0
DA:113,0
DA:120,0
DA:121,0
DA:122,0
DA:123,0
DA:125,0
DA:127,0
DA:128,0
DA:129,0
DA:131,0
DA:132,0
DA:133,0
DA:137,0
DA:138,0
DA:139,0
DA:140,0
DA:141,0
DA:145,0
DA:153,0
DA:154,0
DA:159,0
DA:160,0
DA:167,0
DA:172,0
DA:174,0
DA:175,0
DA:181,0
DA:187,0
DA:192,0
DA:194,0
DA:195,0
DA:201,0
DA:207,0
DA:212,0
DA:214,0
DA:215,0
DA:225,0
DA:230,0
DA:232,0
DA:233,0
DA:239,0
DA:245,0
DA:249,0
DA:251,0
DA:252,0
DA:257,0
DA:263,0
DA:264,0
DA:265,0
DA:267,0
DA:269,0
DA:270,0
DA:271,0
DA:272,0
DA:273,0
DA:276,0
DA:277,0
DA:278,0
DA:279,0
DA:282,0
DA:287,0
DA:288,0
DA:295,0
DA:300,0
DA:301,0
DA:303,0
DA:305,0
DA:306,0
DA:308,0
DA:309,0
DA:310,0
DA:311,0
DA:314,0
DA:315,0
DA:317,0
DA:318,0
DA:321,0
DA:328,0
DA:331,0
DA:332,0
DA:339,0
DA:340,0
DA:341,0
DA:342,0
DA:344,0
DA:353,0
DA:354,0
DA:355,0
DA:365,0
DA:366,0
DA:367,0
DA:377,0
DA:378,0
DA:379,0
DA:389,0
DA:390,0
DA:391,0
DA:407,0
DA:408,0
DA:409,0
DA:411,0
DA:412,0
DA:413,0
DA:415,0
DA:416,0
DA:417,0
DA:418,0
DA:419,0
DA:421,0
DA:425,0
DA:431,0
DA:432,0
DA:441,0
DA:446,0
DA:447,0
DA:449,0
DA:455,0
DA:456,0
DA:457,0
DA:458,0
DA:459,0
LF:167
LH:0
BRDA:18,0,0,0
BRDA:18,0,1,0
BRDA:36,1,0,0
BRDA:36,1,1,0
BRDA:43,2,0,0
BRDA:43,2,1,0
BRDA:131,3,0,0
BRDA:131,3,1,0
BRDA:138,4,0,0
BRDA:138,4,1,0
BRDA:270,5,0,0
BRDA:270,5,1,0
BRDA:277,6,0,0
BRDA:277,6,1,0
BRDA:308,7,0,0
BRDA:308,7,1,0
BRDA:308,8,0,0
BRDA:308,8,1,0
BRDA:317,9,0,0
BRDA:317,9,1,0
BRDA:328,10,0,0
BRDA:328,10,1,0
BRDA:341,11,0,0
BRDA:341,11,1,0
BRDA:415,12,0,0
BRDA:415,12,1,0
BRDA:415,13,0,0
BRDA:415,13,1,0
BRDA:418,14,0,0
BRDA:418,14,1,0
BRDA:431,15,0,0
BRDA:431,15,1,0
BRDA:431,16,0,0
BRDA:431,16,1,0
BRDA:446,17,0,0
BRDA:446,17,1,0
BRDA:456,18,0,0
BRDA:456,18,1,0
BRF:38
BRH:0
end_of_record
TN:
SF:src\socket\leagueSocket.ts
FN:8,setupLeagueSocket
FN:12,(anonymous_2)
FN:25,(anonymous_3)
FN:79,(anonymous_4)
FN:106,(anonymous_5)
FN:160,(anonymous_6)
FNF:6
FNH:0
FNDA:0,setupLeagueSocket
FNDA:0,(anonymous_2)
FNDA:0,(anonymous_3)
FNDA:0,(anonymous_4)
FNDA:0,(anonymous_5)
FNDA:0,(anonymous_6)
DA:2,0
DA:3,0
DA:4,0
DA:5,0
DA:6,0
DA:8,0
DA:10,0
DA:12,0
DA:13,0
DA:14,0
DA:15,0
DA:16,0
DA:17,0
DA:20,0
DA:25,0
DA:26,0
DA:27,0
DA:29,0
DA:31,0
DA:32,0
DA:33,0
DA:34,0
DA:38,0
DA:39,0
DA:40,0
DA:41,0
DA:45,0
DA:46,0
DA:47,0
DA:48,0
DA:49,0
DA:53,0
DA:54,0
DA:56,0
DA:59,0
DA:66,0
DA:71,0
DA:72,0
DA:79,0
DA:80,0
DA:81,0
DA:84,0
DA:85,0
DA:86,0
DA:87,0
DA:90,0
DA:91,0
DA:93,0
DA:96,0
DA:106,0
DA:107,0
DA:108,0
DA:109,0
DA:111,0
DA:113,0
DA:114,0
DA:115,0
DA:117,0
DA:118,0
DA:119,0
DA:123,0
DA:124,0
DA:125,0
DA:126,0
DA:130,0
DA:131,0
DA:132,0
DA:133,0
DA:134,0
DA:138,0
DA:146,0
DA:147,0
DA:152,0
DA:153,0
DA:160,0
DA:161,0
DA:162,0
DA:163,0
DA:165,0
LF:79
LH:0
BRDA:14,0,0,0
BRDA:14,0,1,0
BRDA:31,1,0,0
BRDA:31,1,1,0
BRDA:39,2,0,0
BRDA:39,2,1,0
BRDA:46,3,0,0
BRDA:46,3,1,0
BRDA:84,4,0,0
BRDA:84,4,1,0
BRDA:117,5,0,0
BRDA:117,5,1,0
BRDA:123,6,0,0
BRDA:123,6,1,0
BRDA:131,7,0,0
BRDA:131,7,1,0
BRDA:162,8,0,0
BRDA:162,8,1,0
BRF:18
BRH:0
end_of_record
TN:
SF:src\socket\matchupSocket.ts
FN:3,setupMatchupSocket
FN:4,(anonymous_1)
FN:10,(anonymous_2)
FN:41,(anonymous_3)
FN:66,(anonymous_4)
FN:76,broadcastScoreUpdate
FNF:6
FNH:0
FNDA:0,setupMatchupSocket
FNDA:0,(anonymous_1)
FNDA:0,(anonymous_2)
FNDA:0,(anonymous_3)
FNDA:0,(anonymous_4)
FNDA:0,broadcastScoreUpdate
DA:3,0
DA:4,0
DA:8,0
DA:11,0
DA:13,0
DA:15,0
DA:16,0
DA:18,0
DA:23,0
DA:30,0
DA:31,0
DA:39,0
DA:42,0
DA:44,0
DA:45,0
DA:46,0
DA:48,0
DA:52,0
DA:58,0
DA:66,0
DA:67,0
DA:76,0
DA:82,0
DA:84,0
DA:88,0
LF:25
LH:0
BRF:0
BRH:0
end_of_record
TN:
SF:src\socket\tradeSocket.ts
FN:3,setupTradeSocket
FN:4,(anonymous_1)
FN:6,(anonymous_2)
FN:11,(anonymous_3)
FN:21,emitTradeProposed
FN:32,emitTradeProcessed
FN:43,emitTradeRejected
FN:54,emitTradeCancelled
FNF:8
FNH:0
FNDA:0,setupTradeSocket
FNDA:0,(anonymous_1)
FNDA:0,(anonymous_2)
FNDA:0,(anonymous_3)
FNDA:0,emitTradeProposed
FNDA:0,emitTradeProcessed
FNDA:0,emitTradeRejected
FNDA:0,emitTradeCancelled
DA:3,0
DA:4,0
DA:6,0
DA:7,0
DA:8,0
DA:11,0
DA:12,0
DA:13,0
DA:21,0
DA:22,0
DA:26,0
DA:32,0
DA:33,0
DA:37,0
DA:43,0
DA:44,0
DA:48,0
DA:54,0
DA:55,0
DA:59,0
LF:20
LH:0
BRF:0
BRH:0
end_of_record
TN:
SF:src\socket\waiverSocket.ts
FN:7,setupWaiverSocket
FN:8,(anonymous_1)
FN:13,(anonymous_2)
FN:44,(anonymous_3)
FN:56,(anonymous_4)
FN:79,emitClaimSubmitted
FN:98,emitClaimCancelled
FN:119,emitWaiversProcessing
FN:137,emitWaiversProcessed
FN:160,emitFreeAgentAdded
FN:179,emitPlayerDropped
FN:198,emitWaiverPriorityChanged
FN:217,emitWaiverUpdate
FNF:13
FNH:0
FNDA:0,setupWaiverSocket
FNDA:0,(anonymous_1)
FNDA:0,(anonymous_2)
FNDA:0,(anonymous_3)
FNDA:0,(anonymous_4)
FNDA:0,emitClaimSubmitted
FNDA:0,emitClaimCancelled
FNDA:0,emitWaiversProcessing
FNDA:0,emitWaiversProcessed
FNDA:0,emitFreeAgentAdded
FNDA:0,emitPlayerDropped
FNDA:0,emitWaiverPriorityChanged
FNDA:0,emitWaiverUpdate
DA:7,0
DA:8,0
DA:13,0
DA:14,0
DA:16,0
DA:17,0
DA:18,0
DA:20,0
DA:23,0
DA:36,0
DA:37,0
DA:44,0
DA:45,0
DA:47,0
DA:48,0
DA:50,0
DA:56,0
DA:57,0
DA:59,0
DA:62,0
DA:68,0
DA:69,0
DA:79,0
DA:84,0
DA:85,0
DA:91,0
DA:98,0
DA:104,0
DA:105,0
DA:112,0
DA:119,0
DA:123,0
DA:124,0
DA:130,0
DA:137,0
DA:145,0
DA:146,0
DA:153,0
DA:160,0
DA:165,0
DA:166,0
DA:172,0
DA:179,0
DA:184,0
DA:185,0
DA:191,0
DA:198,0
DA:203,0
DA:204,0
DA:210,0
DA:217,0
DA:223,0
DA:224,0
DA:230,0
LF:54
LH:0
BRDA:20,0,0,0
BRDA:20,0,1,0
BRDA:50,1,0,0
BRDA:50,1,1,0
BRF:4
BRH:0
end_of_record
TN:
SF:src\utils\cronHelper.ts
FN:9,sleep
FN:10,(anonymous_1)
FN:36,retryAsync
FN:108,withCronLogging
FNF:4
FNH:0
FNDA:0,sleep
FNDA:0,(anonymous_1)
FNDA:0,retryAsync
FNDA:0,withCronLogging
DA:10,0
DA:36,0
DA:45,0
DA:49,0
DA:50,0
DA:51,0
DA:52,0
DA:53,0
DA:54,0
DA:56,0
DA:58,0
DA:59,0
DA:61,0
DA:66,0
DA:67,0
DA:72,0
DA:76,0
DA:80,0
DA:84,0
DA:89,0
DA:108,0
DA:113,0
DA:114,0
DA:116,0
DA:117,0
DA:118,0
DA:120,0
DA:121,0
DA:125,0
DA:126,0
DA:127,0
DA:128,0
DA:130,0
DA:132,0
DA:133,0
DA:135,0
DA:136,0
DA:137,0
DA:138,0
DA:143,0
LF:40
LH:0
BRDA:38,0,0,0
BRDA:41,1,0,0
BRDA:42,2,0,0
BRDA:43,3,0,0
BRDA:44,4,0,0
BRDA:59,5,0,0
BRDA:59,5,1,0
BRDA:66,6,0,0
BRDA:66,6,1,0
BRDA:76,7,0,0
BRDA:76,7,1,0
BRDA:121,8,0,0
BRDA:121,8,1,0
BRDA:133,9,0,0
BRDA:133,9,1,0
BRF:15
BRH:0
end_of_record
TN:
SF:src\utils\draftAuthorization.ts
FN:9,isUserDraftParticipant
FN:38,isUserDraftCommissioner
FN:67,doesUserOwnRoster
FN:95,getUsernameById
FNF:4
FNH:0
FNDA:0,isUserDraftParticipant
FNDA:0,isUserDraftCommissioner
FNDA:0,doesUserOwnRoster
FNDA:0,getUsernameById
DA:1,0
DA:9,0
DA:13,0
DA:15,0
DA:24,0
DA:25,0
DA:27,0
DA:28,0
DA:38,0
DA:42,0
DA:43,0
DA:52,0
DA:53,0
DA:55,0
DA:56,0
DA:67,0
DA:72,0
DA:73,0
DA:82,0
DA:83,0
DA:85,0
DA:86,0
DA:95,0
DA:96,0
DA:97,0
DA:98,0
DA:99,0
DA:101,0
DA:102,0
LF:29
LH:0
BRDA:25,0,0,0
BRDA:25,0,1,0
BRDA:53,1,0,0
BRDA:53,1,1,0
BRDA:83,2,0,0
BRDA:83,2,1,0
BRDA:99,3,0,0
BRDA:99,3,1,0
BRF:8
BRH:0
end_of_record
TN:
SF:src\utils\jwt.ts
FN:31,generateToken
FN:47,verifyToken
FNF:2
FNH:0
FNDA:0,generateToken
FNDA:0,verifyToken
DA:1,1
DA:4,1
DA:5,0
DA:11,1
DA:12,0
DA:17,1
DA:18,1
DA:31,1
DA:32,0
DA:33,0
DA:36,0
DA:38,0
DA:47,1
DA:48,0
DA:49,0
DA:50,0
DA:52,0
DA:53,0
DA:55,0
DA:56,0
DA:58,0
LF:21
LH:7
BRDA:4,0,0,0
BRDA:4,0,1,1
BRDA:11,1,0,0
BRDA:11,1,1,1
BRDA:18,2,0,1
BRDA:18,2,1,0
BRDA:52,3,0,0
BRDA:52,3,1,0
BRDA:55,4,0,0
BRDA:55,4,1,0
BRF:10
BRH:3
end_of_record
TN:
SF:src\utils\leagueAuthorization.ts
FN:9,isUserLeagueMember
FN:37,isUserLeagueCommissioner
FNF:2
FNH:0
FNDA:0,isUserLeagueMember
FNDA:0,isUserLeagueCommissioner
DA:1,0
DA:9,0
DA:13,0
DA:15,0
DA:23,0
DA:24,0
DA:26,0
DA:27,0
DA:37,0
DA:41,0
DA:42,0
DA:50,0
DA:51,0
DA:53,0
DA:54,0
LF:15
LH:0
BRDA:24,0,0,0
BRDA:24,0,1,0
BRDA:51,1,0,0
BRDA:51,1,1,0
BRF:4
BRH:0
end_of_record
TN:
SF:src\utils\logger.ts
FN:21,redactSensitiveData
FN:33,(anonymous_1)
FN:53,(anonymous_2)
FN:57,(anonymous_3)
FN:64,(anonymous_4)
FN:68,(anonymous_5)
FNF:6
FNH:0
FNDA:0,redactSensitiveData
FNDA:0,(anonymous_1)
FNDA:0,(anonymous_2)
FNDA:0,(anonymous_3)
FNDA:0,(anonymous_4)
FNDA:0,(anonymous_5)
DA:5,0
DA:22,0
DA:23,0
DA:26,0
DA:27,0
DA:30,0
DA:31,0
DA:32,0
DA:33,0
DA:34,0
DA:37,0
DA:38,0
DA:39,0
DA:40,0
DA:42,0
DA:46,0
DA:52,0
DA:54,0
DA:58,0
DA:65,0
DA:69,0
DA:70,0
LF:22
LH:0
BRDA:22,0,0,0
BRDA:22,0,1,0
BRDA:22,1,0,0
BRDA:22,1,1,0
BRDA:26,2,0,0
BRDA:26,2,1,0
BRDA:37,3,0,0
BRDA:37,3,1,0
BRDA:39,4,0,0
BRDA:39,4,1,0
BRDA:54,5,0,0
BRDA:54,5,1,0
BRDA:60,6,0,0
BRDA:60,6,1,0
BRDA:65,7,0,0
BRDA:65,7,1,0
BRDA:69,8,0,0
BRDA:69,8,1,0
BRDA:72,9,0,0
BRDA:72,9,1,0
BRF:20
BRH:0
end_of_record
TN:
SF:src\utils\password.ts
FN:10,hashPassword
FN:25,comparePassword
FNF:2
FNH:0
FNDA:0,hashPassword
FNDA:0,comparePassword
DA:1,1
DA:3,1
DA:10,1
DA:11,0
DA:12,0
DA:13,0
DA:15,0
DA:25,1
DA:29,0
DA:30,0
DA:31,0
DA:33,0
LF:12
LH:4
BRF:0
BRH:0
end_of_record
TN:
SF:src\utils\scoringPresets.ts
FN:231,getScoringPreset
FN:242,getAvailablePresets
FN:249,getAllPresets
FNF:3
FNH:0
FNDA:0,getScoringPreset
FNDA:0,getAvailablePresets
FNDA:0,getAllPresets
DA:6,0
DA:231,0
DA:232,0
DA:233,0
DA:234,0
DA:236,0
DA:242,0
DA:243,0
DA:249,0
DA:250,0
LF:10
LH:0
BRDA:233,0,0,0
BRDA:233,0,1,0
BRF:2
BRH:0
end_of_record
TN:
SF:src\utils\sqlHelpers.ts
FN:5,escapeLikePattern
FNF:1
FNH:0
FNDA:0,escapeLikePattern
DA:5,1
DA:6,0
LF:2
LH:1
BRF:0
BRH:0
end_of_record
TN:
SF:src\utils\transactionTimeout.ts
FN:8,setTransactionTimeouts
FNF:1
FNH:0
FNDA:0,setTransactionTimeouts
DA:1,0
DA:8,0
DA:9,0
DA:10,0
LF:4
LH:0
BRF:0
BRH:0
end_of_record
TN:
SF:src\utils\validation.ts
FN:13,validatePositiveInteger
FN:39,validateId
FN:50,validateNonNegativeInteger
FN:75,validateOptionalPositiveInteger
FN:105,validateIntegerRange
FN:125,validateEnum
FN:150,validateArray
FN:167,validateNonEmptyArray
FN:184,validateNonEmptyString
FN:203,validateStringLength
FN:223,(anonymous_10)
FNF:11
FNH:0
FNDA:0,validatePositiveInteger
FNDA:0,validateId
FNDA:0,validateNonNegativeInteger
FNDA:0,validateOptionalPositiveInteger
FNDA:0,validateIntegerRange
FNDA:0,validateEnum
FNDA:0,validateArray
FNDA:0,validateNonEmptyArray
FNDA:0,validateNonEmptyString
FNDA:0,validateStringLength
FNDA:0,(anonymous_10)
DA:13,0
DA:14,0
DA:15,0
DA:18,0
DA:20,0
DA:21,0
DA:24,0
DA:25,0
DA:28,0
DA:39,0
DA:40,0
DA:50,0
DA:51,0
DA:52,0
DA:55,0
DA:57,0
DA:58,0
DA:61,0
DA:62,0
DA:65,0
DA:75,0
DA:79,0
DA:80,0
DA:83,0
DA:85,0
DA:86,0
DA:89,0
DA:90,0
DA:93,0
DA:105,0
DA:111,0
DA:112,0
DA:114,0
DA:125,0
DA:130,0
DA:131,0
DA:134,0
DA:135,0
DA:140,0
DA:150,0
DA:154,0
DA:155,0
DA:157,0
DA:167,0
DA:171,0
DA:172,0
DA:174,0
DA:184,0
DA:188,0
DA:189,0
DA:191,0
DA:203,0
DA:209,0
DA:210,0
DA:214,0
DA:220,0
DA:224,0
DA:225,0
DA:226,0
LF:59
LH:0
BRDA:14,0,0,0
BRDA:14,0,1,0
BRDA:14,1,0,0
BRDA:14,1,1,0
BRDA:14,1,2,0
BRDA:20,2,0,0
BRDA:20,2,1,0
BRDA:24,3,0,0
BRDA:24,3,1,0
BRDA:51,4,0,0
BRDA:51,4,1,0
BRDA:51,5,0,0
BRDA:51,5,1,0
BRDA:51,5,2,0
BRDA:57,6,0,0
BRDA:57,6,1,0
BRDA:61,7,0,0
BRDA:61,7,1,0
BRDA:79,8,0,0
BRDA:79,8,1,0
BRDA:79,9,0,0
BRDA:79,9,1,0
BRDA:79,9,2,0
BRDA:85,10,0,0
BRDA:85,10,1,0
BRDA:89,11,0,0
BRDA:89,11,1,0
BRDA:111,12,0,0
BRDA:111,12,1,0
BRDA:111,13,0,0
BRDA:111,13,1,0
BRDA:130,14,0,0
BRDA:130,14,1,0
BRDA:130,15,0,0
BRDA:130,15,1,0
BRDA:134,16,0,0
BRDA:134,16,1,0
BRDA:154,17,0,0
BRDA:154,17,1,0
BRDA:171,18,0,0
BRDA:171,18,1,0
BRDA:188,19,0,0
BRDA:188,19,1,0
BRDA:188,20,0,0
BRDA:188,20,1,0
BRDA:209,21,0,0
BRDA:209,21,1,0
BRDA:209,22,0,0
BRDA:209,22,1,0
BRF:49
BRH:0
end_of_record
TN:
SF:src\validators\authValidator.ts
FN:11,(anonymous_0)
FN:34,(anonymous_1)
FN:54,(anonymous_2)
FNF:3
FNH:0
FNDA:0,(anonymous_0)
FNDA:0,(anonymous_1)
FNDA:0,(anonymous_2)
DA:1,0
DA:4,0
DA:12,0
DA:13,0
DA:14,0
DA:16,0
DA:35,0
DA:36,0
DA:37,0
DA:40,0
DA:41,0
DA:45,0
DA:46,0
DA:47,0
DA:48,0
DA:53,0
DA:54,0
DA:55,0
DA:58,0
DA:85,0
DA:101,0
DA:110,0
LF:22
LH:0
BRDA:13,0,0,0
BRDA:13,0,1,0
BRDA:40,1,0,0
BRDA:40,1,1,0
BRDA:40,2,0,0
BRDA:40,2,1,0
BRDA:45,3,0,0
BRDA:45,3,1,0
BRDA:47,4,0,0
BRDA:47,4,1,0
BRDA:54,5,0,0
BRDA:54,5,1,0
BRF:12
BRH:0
end_of_record
